
*** Running vivado
    with args -log TOP.vds -m64 -product Vivado -mode batch -messageDb vivado.pb -notrace -source TOP.tcl


****** Vivado v2018.1 (64-bit)
  **** SW Build 2188600 on Wed Apr  4 18:39:19 MDT 2018
  **** IP Build 2185939 on Wed Apr  4 20:55:05 MDT 2018
    ** Copyright 1986-2018 Xilinx, Inc. All Rights Reserved.

source TOP.tcl -notrace
Command: synth_design -top TOP -part xc7a200tsbg484-1 -flatten_hierarchy none
Starting synth_design
Attempting to get a license for feature 'Synthesis' and/or device 'xc7a200t'
INFO: [Common 17-349] Got license for feature 'Synthesis' and/or device 'xc7a200t'
INFO: Launching helper process for spawning children vivado processes
INFO: Helper process launched with PID 29858 
---------------------------------------------------------------------------------
Starting RTL Elaboration : Time (s): cpu = 00:00:08 ; elapsed = 00:00:09 . Memory (MB): peak = 1379.012 ; gain = 88.000 ; free physical = 56203 ; free virtual = 125955
---------------------------------------------------------------------------------
INFO: [Synth 8-6157] synthesizing module 'TOP' [/home/moikawa/proj_Mitsuhashi/NexysVideo_UdpTest/UDP.srcs/sources_1/TOP.sv:22]
INFO: [Synth 8-5534] Detected attribute (* dont_touch = "true" *) [/home/moikawa/proj_Mitsuhashi/NexysVideo_UdpTest/UDP.srcs/sources_1/TOP.sv:55]
INFO: [Synth 8-5534] Detected attribute (* dont_touch = "true" *) [/home/moikawa/proj_Mitsuhashi/NexysVideo_UdpTest/UDP.srcs/sources_1/TOP.sv:56]
INFO: [Synth 8-6157] synthesizing module 'ETH_CLKGEN' [/home/moikawa/proj_Mitsuhashi/NexysVideo_UdpTest/UDP.runs/synth_2/.Xil/Vivado-29845-Z10PE-01/realtime/ETH_CLKGEN_stub.v:5]
INFO: [Synth 8-6155] done synthesizing module 'ETH_CLKGEN' (1#1) [/home/moikawa/proj_Mitsuhashi/NexysVideo_UdpTest/UDP.runs/synth_2/.Xil/Vivado-29845-Z10PE-01/realtime/ETH_CLKGEN_stub.v:5]
WARNING: [Synth 8-350] instance 'eth_clkgen' of module 'ETH_CLKGEN' requires 8 connections, but only 7 given [/home/moikawa/proj_Mitsuhashi/NexysVideo_UdpTest/UDP.srcs/sources_1/TOP.sv:61]
INFO: [Synth 8-6157] synthesizing module 'RGMII2GMII' [/home/moikawa/proj_Mitsuhashi/NexysVideo_UdpTest/UDP.srcs/sources_1/RGMII2GMII.sv:11]
INFO: [Synth 8-6157] synthesizing module 'IDDR' [/opt/Xilinx/Vivado/2018.1/scripts/rt/data/unisim_comp.v:21386]
	Parameter DDR_CLK_EDGE bound to: SAME_EDGE_PIPELINED - type: string 
	Parameter INIT_Q1 bound to: 1'b0 
	Parameter INIT_Q2 bound to: 1'b0 
	Parameter IS_C_INVERTED bound to: 1'b0 
	Parameter IS_D_INVERTED bound to: 1'b0 
	Parameter SRTYPE bound to: SYNC - type: string 
INFO: [Synth 8-6155] done synthesizing module 'IDDR' (2#1) [/opt/Xilinx/Vivado/2018.1/scripts/rt/data/unisim_comp.v:21386]
INFO: [Synth 8-6155] done synthesizing module 'RGMII2GMII' (3#1) [/home/moikawa/proj_Mitsuhashi/NexysVideo_UdpTest/UDP.srcs/sources_1/RGMII2GMII.sv:11]
INFO: [Synth 8-6157] synthesizing module 'GMII2RGMII' [/home/moikawa/proj_Mitsuhashi/NexysVideo_UdpTest/UDP.srcs/sources_1/GMII2RGMII.sv:11]
INFO: [Synth 8-6157] synthesizing module 'ODDR' [/opt/Xilinx/Vivado/2018.1/scripts/rt/data/unisim_comp.v:30652]
	Parameter DDR_CLK_EDGE bound to: OPPOSITE_EDGE - type: string 
	Parameter INIT bound to: 1'b0 
	Parameter IS_C_INVERTED bound to: 1'b0 
	Parameter IS_D1_INVERTED bound to: 1'b0 
	Parameter IS_D2_INVERTED bound to: 1'b0 
	Parameter SRTYPE bound to: SYNC - type: string 
INFO: [Synth 8-6155] done synthesizing module 'ODDR' (4#1) [/opt/Xilinx/Vivado/2018.1/scripts/rt/data/unisim_comp.v:30652]
INFO: [Synth 8-6155] done synthesizing module 'GMII2RGMII' (5#1) [/home/moikawa/proj_Mitsuhashi/NexysVideo_UdpTest/UDP.srcs/sources_1/GMII2RGMII.sv:11]
INFO: [Synth 8-6157] synthesizing module 'CLKGEN' [/home/moikawa/proj_Mitsuhashi/NexysVideo_UdpTest/UDP.runs/synth_2/.Xil/Vivado-29845-Z10PE-01/realtime/CLKGEN_stub.v:5]
INFO: [Synth 8-6155] done synthesizing module 'CLKGEN' (6#1) [/home/moikawa/proj_Mitsuhashi/NexysVideo_UdpTest/UDP.runs/synth_2/.Xil/Vivado-29845-Z10PE-01/realtime/CLKGEN_stub.v:5]
INFO: [Synth 8-6157] synthesizing module 'RSTGEN' [/home/moikawa/proj_Mitsuhashi/NexysVideo_UdpTest/UDP.srcs/sources_1/RSTGEN.v:11]
INFO: [Synth 8-6155] done synthesizing module 'RSTGEN' (7#1) [/home/moikawa/proj_Mitsuhashi/NexysVideo_UdpTest/UDP.srcs/sources_1/RSTGEN.v:11]
INFO: [Synth 8-6157] synthesizing module 'Arbiter' [/home/moikawa/proj_Mitsuhashi/NexysVideo_UdpTest/UDP.srcs/sources_1/Arbiter.sv:23]
	Parameter Idle bound to: 4'b0001 
	Parameter WaitSFD bound to: 4'b0010 
	Parameter RxData bound to: 4'b0011 
	Parameter RxEnd bound to: 4'b0100 
INFO: [Synth 8-5534] Detected attribute (* dont_touch = "true" *) [/home/moikawa/proj_Mitsuhashi/NexysVideo_UdpTest/UDP.srcs/sources_1/Arbiter.sv:49]
INFO: [Synth 8-5534] Detected attribute (* dont_touch = "true" *) [/home/moikawa/proj_Mitsuhashi/NexysVideo_UdpTest/UDP.srcs/sources_1/Arbiter.sv:62]
INFO: [Synth 8-5534] Detected attribute (* dont_touch = "true" *) [/home/moikawa/proj_Mitsuhashi/NexysVideo_UdpTest/UDP.srcs/sources_1/Arbiter.sv:83]
INFO: [Synth 8-5534] Detected attribute (* dont_touch = "true" *) [/home/moikawa/proj_Mitsuhashi/NexysVideo_UdpTest/UDP.srcs/sources_1/Arbiter.sv:84]
INFO: [Synth 8-5534] Detected attribute (* dont_touch = "true" *) [/home/moikawa/proj_Mitsuhashi/NexysVideo_UdpTest/UDP.srcs/sources_1/Arbiter.sv:87]
INFO: [Synth 8-5534] Detected attribute (* dont_touch = "true" *) [/home/moikawa/proj_Mitsuhashi/NexysVideo_UdpTest/UDP.srcs/sources_1/Arbiter.sv:88]
INFO: [Synth 8-5534] Detected attribute (* dont_touch = "true" *) [/home/moikawa/proj_Mitsuhashi/NexysVideo_UdpTest/UDP.srcs/sources_1/Arbiter.sv:114]
INFO: [Synth 8-5534] Detected attribute (* dont_touch = "true" *) [/home/moikawa/proj_Mitsuhashi/NexysVideo_UdpTest/UDP.srcs/sources_1/Arbiter.sv:169]
INFO: [Synth 8-5534] Detected attribute (* dont_touch = "true" *) [/home/moikawa/proj_Mitsuhashi/NexysVideo_UdpTest/UDP.srcs/sources_1/Arbiter.sv:180]
INFO: [Synth 8-5534] Detected attribute (* dont_touch = "true" *) [/home/moikawa/proj_Mitsuhashi/NexysVideo_UdpTest/UDP.srcs/sources_1/Arbiter.sv:190]
INFO: [Synth 8-5534] Detected attribute (* dont_touch = "true" *) [/home/moikawa/proj_Mitsuhashi/NexysVideo_UdpTest/UDP.srcs/sources_1/Arbiter.sv:198]
INFO: [Synth 8-5534] Detected attribute (* dont_touch = "true" *) [/home/moikawa/proj_Mitsuhashi/NexysVideo_UdpTest/UDP.srcs/sources_1/Arbiter.sv:199]
INFO: [Synth 8-5534] Detected attribute (* dont_touch = "true" *) [/home/moikawa/proj_Mitsuhashi/NexysVideo_UdpTest/UDP.srcs/sources_1/Arbiter.sv:200]
INFO: [Synth 8-5534] Detected attribute (* dont_touch = "true" *) [/home/moikawa/proj_Mitsuhashi/NexysVideo_UdpTest/UDP.srcs/sources_1/Arbiter.sv:201]
INFO: [Synth 8-155] case statement is not full and has no default [/home/moikawa/proj_Mitsuhashi/NexysVideo_UdpTest/UDP.srcs/sources_1/Arbiter.sv:74]
INFO: [Synth 8-6157] synthesizing module 'CRC_ge' [/home/moikawa/proj_Mitsuhashi/NexysVideo_UdpTest/UDP.srcs/sources_1/CRC_ge.sv:23]
	Parameter Gx bound to: 79764919 - type: integer 
INFO: [Synth 8-6155] done synthesizing module 'CRC_ge' (8#1) [/home/moikawa/proj_Mitsuhashi/NexysVideo_UdpTest/UDP.srcs/sources_1/CRC_ge.sv:23]
INFO: [Synth 8-6157] synthesizing module 'ARP' [/home/moikawa/proj_Mitsuhashi/NexysVideo_UdpTest/UDP.srcs/sources_1/ARP.sv:23]
	Parameter Idle bound to: 4'b0001 
	Parameter TxRdy bound to: 4'b0010 
	Parameter TxGo bound to: 4'b0100 
	Parameter TxEnd bound to: 4'b1000 
	Parameter HTYPE bound to: 16'b0000000000000001 
	Parameter PTYPE bound to: 16'b0000100000000000 
	Parameter HLEN bound to: 8'b00000110 
	Parameter PLEN bound to: 8'b00000100 
	Parameter OPER bound to: 16'b0000000000000010 
INFO: [Synth 8-6155] done synthesizing module 'ARP' (9#1) [/home/moikawa/proj_Mitsuhashi/NexysVideo_UdpTest/UDP.srcs/sources_1/ARP.sv:23]
INFO: [Synth 8-6157] synthesizing module 'ping' [/home/moikawa/proj_Mitsuhashi/NexysVideo_UdpTest/UDP.srcs/sources_1/ping.sv:22]
	Parameter Idle bound to: 4'b0000 
	Parameter Stby bound to: 4'b1101 
	Parameter Presv bound to: 4'b0001 
	Parameter Hcsum bound to: 4'b0010 
	Parameter Hc_End bound to: 4'b0011 
	Parameter Icsum bound to: 4'b0100 
	Parameter Ic_End bound to: 4'b0101 
	Parameter Ready bound to: 4'b0110 
	Parameter Tx_Hc bound to: 4'b0111 
	Parameter Tx_HEnd bound to: 4'b1000 
	Parameter Tx_Ic bound to: 4'b1001 
	Parameter Tx_IEnd bound to: 4'b1010 
	Parameter Tx_En bound to: 4'b1011 
	Parameter Tx_End bound to: 4'b1100 
	Parameter TTL bound to: 16'b0000000011111111 
	Parameter V_I_T bound to: 16'b0100010100000000 
	Parameter Protocol bound to: 8'b00000001 
INFO: [Synth 8-5534] Detected attribute (* dont_touch = "true" *) [/home/moikawa/proj_Mitsuhashi/NexysVideo_UdpTest/UDP.srcs/sources_1/ping.sv:60]
INFO: [Synth 8-5534] Detected attribute (* dont_touch = "true" *) [/home/moikawa/proj_Mitsuhashi/NexysVideo_UdpTest/UDP.srcs/sources_1/ping.sv:61]
INFO: [Synth 8-5534] Detected attribute (* dont_touch = "true" *) [/home/moikawa/proj_Mitsuhashi/NexysVideo_UdpTest/UDP.srcs/sources_1/ping.sv:76]
INFO: [Synth 8-5534] Detected attribute (* dont_touch = "true" *) [/home/moikawa/proj_Mitsuhashi/NexysVideo_UdpTest/UDP.srcs/sources_1/ping.sv:81]
INFO: [Synth 8-5534] Detected attribute (* dont_touch = "true" *) [/home/moikawa/proj_Mitsuhashi/NexysVideo_UdpTest/UDP.srcs/sources_1/ping.sv:82]
INFO: [Synth 8-5534] Detected attribute (* dont_touch = "true" *) [/home/moikawa/proj_Mitsuhashi/NexysVideo_UdpTest/UDP.srcs/sources_1/ping.sv:183]
INFO: [Synth 8-155] case statement is not full and has no default [/home/moikawa/proj_Mitsuhashi/NexysVideo_UdpTest/UDP.srcs/sources_1/ping.sv:99]
WARNING: [Synth 8-324] index 256 out of range [/home/moikawa/proj_Mitsuhashi/NexysVideo_UdpTest/UDP.srcs/sources_1/ping.sv:306]
WARNING: [Synth 8-324] index 257 out of range [/home/moikawa/proj_Mitsuhashi/NexysVideo_UdpTest/UDP.srcs/sources_1/ping.sv:306]
WARNING: [Synth 8-324] index 258 out of range [/home/moikawa/proj_Mitsuhashi/NexysVideo_UdpTest/UDP.srcs/sources_1/ping.sv:306]
WARNING: [Synth 8-324] index 259 out of range [/home/moikawa/proj_Mitsuhashi/NexysVideo_UdpTest/UDP.srcs/sources_1/ping.sv:306]
WARNING: [Synth 8-324] index 260 out of range [/home/moikawa/proj_Mitsuhashi/NexysVideo_UdpTest/UDP.srcs/sources_1/ping.sv:306]
WARNING: [Synth 8-324] index 261 out of range [/home/moikawa/proj_Mitsuhashi/NexysVideo_UdpTest/UDP.srcs/sources_1/ping.sv:306]
WARNING: [Synth 8-324] index 262 out of range [/home/moikawa/proj_Mitsuhashi/NexysVideo_UdpTest/UDP.srcs/sources_1/ping.sv:306]
WARNING: [Synth 8-324] index 263 out of range [/home/moikawa/proj_Mitsuhashi/NexysVideo_UdpTest/UDP.srcs/sources_1/ping.sv:306]
WARNING: [Synth 8-324] index 264 out of range [/home/moikawa/proj_Mitsuhashi/NexysVideo_UdpTest/UDP.srcs/sources_1/ping.sv:306]
WARNING: [Synth 8-324] index 265 out of range [/home/moikawa/proj_Mitsuhashi/NexysVideo_UdpTest/UDP.srcs/sources_1/ping.sv:306]
WARNING: [Synth 8-324] index 266 out of range [/home/moikawa/proj_Mitsuhashi/NexysVideo_UdpTest/UDP.srcs/sources_1/ping.sv:306]
WARNING: [Synth 8-324] index 267 out of range [/home/moikawa/proj_Mitsuhashi/NexysVideo_UdpTest/UDP.srcs/sources_1/ping.sv:306]
WARNING: [Synth 8-324] index 268 out of range [/home/moikawa/proj_Mitsuhashi/NexysVideo_UdpTest/UDP.srcs/sources_1/ping.sv:306]
WARNING: [Synth 8-324] index 269 out of range [/home/moikawa/proj_Mitsuhashi/NexysVideo_UdpTest/UDP.srcs/sources_1/ping.sv:306]
WARNING: [Synth 8-324] index 270 out of range [/home/moikawa/proj_Mitsuhashi/NexysVideo_UdpTest/UDP.srcs/sources_1/ping.sv:306]
WARNING: [Synth 8-324] index 271 out of range [/home/moikawa/proj_Mitsuhashi/NexysVideo_UdpTest/UDP.srcs/sources_1/ping.sv:306]
WARNING: [Synth 8-324] index 272 out of range [/home/moikawa/proj_Mitsuhashi/NexysVideo_UdpTest/UDP.srcs/sources_1/ping.sv:306]
WARNING: [Synth 8-324] index 273 out of range [/home/moikawa/proj_Mitsuhashi/NexysVideo_UdpTest/UDP.srcs/sources_1/ping.sv:306]
WARNING: [Synth 8-324] index 274 out of range [/home/moikawa/proj_Mitsuhashi/NexysVideo_UdpTest/UDP.srcs/sources_1/ping.sv:306]
WARNING: [Synth 8-324] index 275 out of range [/home/moikawa/proj_Mitsuhashi/NexysVideo_UdpTest/UDP.srcs/sources_1/ping.sv:306]
WARNING: [Synth 8-324] index 276 out of range [/home/moikawa/proj_Mitsuhashi/NexysVideo_UdpTest/UDP.srcs/sources_1/ping.sv:306]
WARNING: [Synth 8-324] index 277 out of range [/home/moikawa/proj_Mitsuhashi/NexysVideo_UdpTest/UDP.srcs/sources_1/ping.sv:306]
WARNING: [Synth 8-324] index 278 out of range [/home/moikawa/proj_Mitsuhashi/NexysVideo_UdpTest/UDP.srcs/sources_1/ping.sv:306]
WARNING: [Synth 8-324] index 279 out of range [/home/moikawa/proj_Mitsuhashi/NexysVideo_UdpTest/UDP.srcs/sources_1/ping.sv:306]
WARNING: [Synth 8-324] index 280 out of range [/home/moikawa/proj_Mitsuhashi/NexysVideo_UdpTest/UDP.srcs/sources_1/ping.sv:306]
WARNING: [Synth 8-324] index 281 out of range [/home/moikawa/proj_Mitsuhashi/NexysVideo_UdpTest/UDP.srcs/sources_1/ping.sv:306]
WARNING: [Synth 8-324] index 282 out of range [/home/moikawa/proj_Mitsuhashi/NexysVideo_UdpTest/UDP.srcs/sources_1/ping.sv:306]
WARNING: [Synth 8-324] index 283 out of range [/home/moikawa/proj_Mitsuhashi/NexysVideo_UdpTest/UDP.srcs/sources_1/ping.sv:306]
WARNING: [Synth 8-324] index 284 out of range [/home/moikawa/proj_Mitsuhashi/NexysVideo_UdpTest/UDP.srcs/sources_1/ping.sv:306]
WARNING: [Synth 8-324] index 285 out of range [/home/moikawa/proj_Mitsuhashi/NexysVideo_UdpTest/UDP.srcs/sources_1/ping.sv:306]
WARNING: [Synth 8-324] index 286 out of range [/home/moikawa/proj_Mitsuhashi/NexysVideo_UdpTest/UDP.srcs/sources_1/ping.sv:306]
WARNING: [Synth 8-324] index 287 out of range [/home/moikawa/proj_Mitsuhashi/NexysVideo_UdpTest/UDP.srcs/sources_1/ping.sv:306]
WARNING: [Synth 8-324] index 288 out of range [/home/moikawa/proj_Mitsuhashi/NexysVideo_UdpTest/UDP.srcs/sources_1/ping.sv:306]
WARNING: [Synth 8-324] index 289 out of range [/home/moikawa/proj_Mitsuhashi/NexysVideo_UdpTest/UDP.srcs/sources_1/ping.sv:306]
WARNING: [Synth 8-324] index 290 out of range [/home/moikawa/proj_Mitsuhashi/NexysVideo_UdpTest/UDP.srcs/sources_1/ping.sv:306]
WARNING: [Synth 8-324] index 291 out of range [/home/moikawa/proj_Mitsuhashi/NexysVideo_UdpTest/UDP.srcs/sources_1/ping.sv:306]
WARNING: [Synth 8-324] index 292 out of range [/home/moikawa/proj_Mitsuhashi/NexysVideo_UdpTest/UDP.srcs/sources_1/ping.sv:306]
WARNING: [Synth 8-324] index 293 out of range [/home/moikawa/proj_Mitsuhashi/NexysVideo_UdpTest/UDP.srcs/sources_1/ping.sv:306]
WARNING: [Synth 8-324] index 294 out of range [/home/moikawa/proj_Mitsuhashi/NexysVideo_UdpTest/UDP.srcs/sources_1/ping.sv:306]
WARNING: [Synth 8-324] index 295 out of range [/home/moikawa/proj_Mitsuhashi/NexysVideo_UdpTest/UDP.srcs/sources_1/ping.sv:306]
WARNING: [Synth 8-324] index 296 out of range [/home/moikawa/proj_Mitsuhashi/NexysVideo_UdpTest/UDP.srcs/sources_1/ping.sv:306]
INFO: [Synth 8-6157] synthesizing module 'checksum' [/home/moikawa/proj_Mitsuhashi/NexysVideo_UdpTest/UDP.srcs/sources_1/checksum.sv:23]
INFO: [Synth 8-5534] Detected attribute (* dont_touch = "true" *) [/home/moikawa/proj_Mitsuhashi/NexysVideo_UdpTest/UDP.srcs/sources_1/checksum.sv:60]
WARNING: [Synth 8-3936] Found unconnected internal register 'd_data_en_reg' and it is trimmed from '2' to '1' bits. [/home/moikawa/proj_Mitsuhashi/NexysVideo_UdpTest/UDP.srcs/sources_1/checksum.sv:43]
INFO: [Synth 8-6155] done synthesizing module 'checksum' (10#1) [/home/moikawa/proj_Mitsuhashi/NexysVideo_UdpTest/UDP.srcs/sources_1/checksum.sv:23]
WARNING: [Synth 8-6014] Unused sequential element ICMP_Msg_reg[255] was removed.  [/home/moikawa/proj_Mitsuhashi/NexysVideo_UdpTest/UDP.srcs/sources_1/ping.sv:159]
WARNING: [Synth 8-6014] Unused sequential element ICMP_Msg_reg[254] was removed.  [/home/moikawa/proj_Mitsuhashi/NexysVideo_UdpTest/UDP.srcs/sources_1/ping.sv:159]
WARNING: [Synth 8-6014] Unused sequential element ICMP_Msg_reg[253] was removed.  [/home/moikawa/proj_Mitsuhashi/NexysVideo_UdpTest/UDP.srcs/sources_1/ping.sv:159]
WARNING: [Synth 8-6014] Unused sequential element ICMP_Msg_reg[252] was removed.  [/home/moikawa/proj_Mitsuhashi/NexysVideo_UdpTest/UDP.srcs/sources_1/ping.sv:159]
WARNING: [Synth 8-6014] Unused sequential element ICMP_Msg_reg[251] was removed.  [/home/moikawa/proj_Mitsuhashi/NexysVideo_UdpTest/UDP.srcs/sources_1/ping.sv:159]
WARNING: [Synth 8-6014] Unused sequential element ICMP_Msg_reg[250] was removed.  [/home/moikawa/proj_Mitsuhashi/NexysVideo_UdpTest/UDP.srcs/sources_1/ping.sv:159]
WARNING: [Synth 8-6014] Unused sequential element ICMP_Msg_reg[249] was removed.  [/home/moikawa/proj_Mitsuhashi/NexysVideo_UdpTest/UDP.srcs/sources_1/ping.sv:159]
WARNING: [Synth 8-6014] Unused sequential element ICMP_Msg_reg[248] was removed.  [/home/moikawa/proj_Mitsuhashi/NexysVideo_UdpTest/UDP.srcs/sources_1/ping.sv:159]
WARNING: [Synth 8-6014] Unused sequential element ICMP_Msg_reg[247] was removed.  [/home/moikawa/proj_Mitsuhashi/NexysVideo_UdpTest/UDP.srcs/sources_1/ping.sv:159]
WARNING: [Synth 8-6014] Unused sequential element ICMP_Msg_reg[246] was removed.  [/home/moikawa/proj_Mitsuhashi/NexysVideo_UdpTest/UDP.srcs/sources_1/ping.sv:159]
WARNING: [Synth 8-6014] Unused sequential element ICMP_Msg_reg[245] was removed.  [/home/moikawa/proj_Mitsuhashi/NexysVideo_UdpTest/UDP.srcs/sources_1/ping.sv:159]
WARNING: [Synth 8-6014] Unused sequential element ICMP_Msg_reg[244] was removed.  [/home/moikawa/proj_Mitsuhashi/NexysVideo_UdpTest/UDP.srcs/sources_1/ping.sv:159]
WARNING: [Synth 8-6014] Unused sequential element ICMP_Msg_reg[243] was removed.  [/home/moikawa/proj_Mitsuhashi/NexysVideo_UdpTest/UDP.srcs/sources_1/ping.sv:159]
WARNING: [Synth 8-6014] Unused sequential element ICMP_Msg_reg[242] was removed.  [/home/moikawa/proj_Mitsuhashi/NexysVideo_UdpTest/UDP.srcs/sources_1/ping.sv:159]
WARNING: [Synth 8-6014] Unused sequential element ICMP_Msg_reg[241] was removed.  [/home/moikawa/proj_Mitsuhashi/NexysVideo_UdpTest/UDP.srcs/sources_1/ping.sv:159]
WARNING: [Synth 8-6014] Unused sequential element ICMP_Msg_reg[240] was removed.  [/home/moikawa/proj_Mitsuhashi/NexysVideo_UdpTest/UDP.srcs/sources_1/ping.sv:159]
WARNING: [Synth 8-6014] Unused sequential element ICMP_Msg_reg[239] was removed.  [/home/moikawa/proj_Mitsuhashi/NexysVideo_UdpTest/UDP.srcs/sources_1/ping.sv:159]
WARNING: [Synth 8-6014] Unused sequential element ICMP_Msg_reg[238] was removed.  [/home/moikawa/proj_Mitsuhashi/NexysVideo_UdpTest/UDP.srcs/sources_1/ping.sv:159]
WARNING: [Synth 8-6014] Unused sequential element ICMP_Msg_reg[237] was removed.  [/home/moikawa/proj_Mitsuhashi/NexysVideo_UdpTest/UDP.srcs/sources_1/ping.sv:159]
WARNING: [Synth 8-6014] Unused sequential element ICMP_Msg_reg[236] was removed.  [/home/moikawa/proj_Mitsuhashi/NexysVideo_UdpTest/UDP.srcs/sources_1/ping.sv:159]
WARNING: [Synth 8-6014] Unused sequential element ICMP_Msg_reg[235] was removed.  [/home/moikawa/proj_Mitsuhashi/NexysVideo_UdpTest/UDP.srcs/sources_1/ping.sv:159]
WARNING: [Synth 8-6014] Unused sequential element ICMP_Msg_reg[234] was removed.  [/home/moikawa/proj_Mitsuhashi/NexysVideo_UdpTest/UDP.srcs/sources_1/ping.sv:159]
WARNING: [Synth 8-6014] Unused sequential element ICMP_Msg_reg[233] was removed.  [/home/moikawa/proj_Mitsuhashi/NexysVideo_UdpTest/UDP.srcs/sources_1/ping.sv:159]
WARNING: [Synth 8-6014] Unused sequential element ICMP_Msg_reg[232] was removed.  [/home/moikawa/proj_Mitsuhashi/NexysVideo_UdpTest/UDP.srcs/sources_1/ping.sv:159]
WARNING: [Synth 8-6014] Unused sequential element ICMP_Msg_reg[231] was removed.  [/home/moikawa/proj_Mitsuhashi/NexysVideo_UdpTest/UDP.srcs/sources_1/ping.sv:159]
WARNING: [Synth 8-6014] Unused sequential element ICMP_Msg_reg[230] was removed.  [/home/moikawa/proj_Mitsuhashi/NexysVideo_UdpTest/UDP.srcs/sources_1/ping.sv:159]
WARNING: [Synth 8-6014] Unused sequential element ICMP_Msg_reg[229] was removed.  [/home/moikawa/proj_Mitsuhashi/NexysVideo_UdpTest/UDP.srcs/sources_1/ping.sv:159]
WARNING: [Synth 8-6014] Unused sequential element ICMP_Msg_reg[228] was removed.  [/home/moikawa/proj_Mitsuhashi/NexysVideo_UdpTest/UDP.srcs/sources_1/ping.sv:159]
WARNING: [Synth 8-6014] Unused sequential element ICMP_Msg_reg[227] was removed.  [/home/moikawa/proj_Mitsuhashi/NexysVideo_UdpTest/UDP.srcs/sources_1/ping.sv:159]
WARNING: [Synth 8-6014] Unused sequential element ICMP_Msg_reg[226] was removed.  [/home/moikawa/proj_Mitsuhashi/NexysVideo_UdpTest/UDP.srcs/sources_1/ping.sv:159]
WARNING: [Synth 8-6014] Unused sequential element ICMP_Msg_reg[225] was removed.  [/home/moikawa/proj_Mitsuhashi/NexysVideo_UdpTest/UDP.srcs/sources_1/ping.sv:159]
WARNING: [Synth 8-6014] Unused sequential element ICMP_Msg_reg[224] was removed.  [/home/moikawa/proj_Mitsuhashi/NexysVideo_UdpTest/UDP.srcs/sources_1/ping.sv:159]
WARNING: [Synth 8-6014] Unused sequential element ICMP_Msg_reg[223] was removed.  [/home/moikawa/proj_Mitsuhashi/NexysVideo_UdpTest/UDP.srcs/sources_1/ping.sv:159]
WARNING: [Synth 8-6014] Unused sequential element ICMP_Msg_reg[222] was removed.  [/home/moikawa/proj_Mitsuhashi/NexysVideo_UdpTest/UDP.srcs/sources_1/ping.sv:159]
WARNING: [Synth 8-6014] Unused sequential element ICMP_Msg_reg[221] was removed.  [/home/moikawa/proj_Mitsuhashi/NexysVideo_UdpTest/UDP.srcs/sources_1/ping.sv:159]
WARNING: [Synth 8-6014] Unused sequential element ICMP_Msg_reg[220] was removed.  [/home/moikawa/proj_Mitsuhashi/NexysVideo_UdpTest/UDP.srcs/sources_1/ping.sv:159]
WARNING: [Synth 8-6014] Unused sequential element ICMP_Msg_reg[219] was removed.  [/home/moikawa/proj_Mitsuhashi/NexysVideo_UdpTest/UDP.srcs/sources_1/ping.sv:159]
WARNING: [Synth 8-6014] Unused sequential element ICMP_Msg_reg[218] was removed.  [/home/moikawa/proj_Mitsuhashi/NexysVideo_UdpTest/UDP.srcs/sources_1/ping.sv:159]
WARNING: [Synth 8-6014] Unused sequential element ICMP_Msg_reg[217] was removed.  [/home/moikawa/proj_Mitsuhashi/NexysVideo_UdpTest/UDP.srcs/sources_1/ping.sv:159]
WARNING: [Synth 8-6014] Unused sequential element ICMP_Msg_reg[216] was removed.  [/home/moikawa/proj_Mitsuhashi/NexysVideo_UdpTest/UDP.srcs/sources_1/ping.sv:159]
WARNING: [Synth 8-6014] Unused sequential element ICMP_Msg_reg[215] was removed.  [/home/moikawa/proj_Mitsuhashi/NexysVideo_UdpTest/UDP.srcs/sources_1/ping.sv:159]
WARNING: [Synth 8-6014] Unused sequential element ICMP_Msg_reg[214] was removed.  [/home/moikawa/proj_Mitsuhashi/NexysVideo_UdpTest/UDP.srcs/sources_1/ping.sv:159]
WARNING: [Synth 8-6014] Unused sequential element ICMP_Msg_reg[213] was removed.  [/home/moikawa/proj_Mitsuhashi/NexysVideo_UdpTest/UDP.srcs/sources_1/ping.sv:159]
WARNING: [Synth 8-6014] Unused sequential element ICMP_Msg_reg[212] was removed.  [/home/moikawa/proj_Mitsuhashi/NexysVideo_UdpTest/UDP.srcs/sources_1/ping.sv:159]
WARNING: [Synth 8-6014] Unused sequential element ICMP_Msg_reg[211] was removed.  [/home/moikawa/proj_Mitsuhashi/NexysVideo_UdpTest/UDP.srcs/sources_1/ping.sv:159]
WARNING: [Synth 8-6014] Unused sequential element ICMP_Msg_reg[210] was removed.  [/home/moikawa/proj_Mitsuhashi/NexysVideo_UdpTest/UDP.srcs/sources_1/ping.sv:159]
WARNING: [Synth 8-6014] Unused sequential element ICMP_Msg_reg[209] was removed.  [/home/moikawa/proj_Mitsuhashi/NexysVideo_UdpTest/UDP.srcs/sources_1/ping.sv:159]
WARNING: [Synth 8-6014] Unused sequential element ICMP_Msg_reg[208] was removed.  [/home/moikawa/proj_Mitsuhashi/NexysVideo_UdpTest/UDP.srcs/sources_1/ping.sv:159]
WARNING: [Synth 8-6014] Unused sequential element ICMP_Msg_reg[207] was removed.  [/home/moikawa/proj_Mitsuhashi/NexysVideo_UdpTest/UDP.srcs/sources_1/ping.sv:159]
WARNING: [Synth 8-6014] Unused sequential element ICMP_Msg_reg[206] was removed.  [/home/moikawa/proj_Mitsuhashi/NexysVideo_UdpTest/UDP.srcs/sources_1/ping.sv:159]
WARNING: [Synth 8-6014] Unused sequential element ICMP_Msg_reg[205] was removed.  [/home/moikawa/proj_Mitsuhashi/NexysVideo_UdpTest/UDP.srcs/sources_1/ping.sv:159]
WARNING: [Synth 8-6014] Unused sequential element ICMP_Msg_reg[204] was removed.  [/home/moikawa/proj_Mitsuhashi/NexysVideo_UdpTest/UDP.srcs/sources_1/ping.sv:159]
WARNING: [Synth 8-6014] Unused sequential element ICMP_Msg_reg[203] was removed.  [/home/moikawa/proj_Mitsuhashi/NexysVideo_UdpTest/UDP.srcs/sources_1/ping.sv:159]
WARNING: [Synth 8-6014] Unused sequential element ICMP_Msg_reg[202] was removed.  [/home/moikawa/proj_Mitsuhashi/NexysVideo_UdpTest/UDP.srcs/sources_1/ping.sv:159]
WARNING: [Synth 8-6014] Unused sequential element ICMP_Msg_reg[201] was removed.  [/home/moikawa/proj_Mitsuhashi/NexysVideo_UdpTest/UDP.srcs/sources_1/ping.sv:159]
WARNING: [Synth 8-6014] Unused sequential element ICMP_Msg_reg[200] was removed.  [/home/moikawa/proj_Mitsuhashi/NexysVideo_UdpTest/UDP.srcs/sources_1/ping.sv:159]
WARNING: [Synth 8-6014] Unused sequential element ICMP_Msg_reg[199] was removed.  [/home/moikawa/proj_Mitsuhashi/NexysVideo_UdpTest/UDP.srcs/sources_1/ping.sv:159]
WARNING: [Synth 8-6014] Unused sequential element ICMP_Msg_reg[198] was removed.  [/home/moikawa/proj_Mitsuhashi/NexysVideo_UdpTest/UDP.srcs/sources_1/ping.sv:159]
WARNING: [Synth 8-6014] Unused sequential element ICMP_Msg_reg[197] was removed.  [/home/moikawa/proj_Mitsuhashi/NexysVideo_UdpTest/UDP.srcs/sources_1/ping.sv:159]
WARNING: [Synth 8-6014] Unused sequential element ICMP_Msg_reg[196] was removed.  [/home/moikawa/proj_Mitsuhashi/NexysVideo_UdpTest/UDP.srcs/sources_1/ping.sv:159]
WARNING: [Synth 8-6014] Unused sequential element ICMP_Msg_reg[195] was removed.  [/home/moikawa/proj_Mitsuhashi/NexysVideo_UdpTest/UDP.srcs/sources_1/ping.sv:159]
WARNING: [Synth 8-6014] Unused sequential element ICMP_Msg_reg[194] was removed.  [/home/moikawa/proj_Mitsuhashi/NexysVideo_UdpTest/UDP.srcs/sources_1/ping.sv:159]
WARNING: [Synth 8-6014] Unused sequential element ICMP_Msg_reg[193] was removed.  [/home/moikawa/proj_Mitsuhashi/NexysVideo_UdpTest/UDP.srcs/sources_1/ping.sv:159]
WARNING: [Synth 8-6014] Unused sequential element ICMP_Msg_reg[192] was removed.  [/home/moikawa/proj_Mitsuhashi/NexysVideo_UdpTest/UDP.srcs/sources_1/ping.sv:159]
WARNING: [Synth 8-6014] Unused sequential element ICMP_Msg_reg[191] was removed.  [/home/moikawa/proj_Mitsuhashi/NexysVideo_UdpTest/UDP.srcs/sources_1/ping.sv:159]
WARNING: [Synth 8-6014] Unused sequential element ICMP_Msg_reg[190] was removed.  [/home/moikawa/proj_Mitsuhashi/NexysVideo_UdpTest/UDP.srcs/sources_1/ping.sv:159]
WARNING: [Synth 8-6014] Unused sequential element ICMP_Msg_reg[189] was removed.  [/home/moikawa/proj_Mitsuhashi/NexysVideo_UdpTest/UDP.srcs/sources_1/ping.sv:159]
WARNING: [Synth 8-6014] Unused sequential element ICMP_Msg_reg[188] was removed.  [/home/moikawa/proj_Mitsuhashi/NexysVideo_UdpTest/UDP.srcs/sources_1/ping.sv:159]
WARNING: [Synth 8-6014] Unused sequential element ICMP_Msg_reg[187] was removed.  [/home/moikawa/proj_Mitsuhashi/NexysVideo_UdpTest/UDP.srcs/sources_1/ping.sv:159]
WARNING: [Synth 8-6014] Unused sequential element ICMP_Msg_reg[186] was removed.  [/home/moikawa/proj_Mitsuhashi/NexysVideo_UdpTest/UDP.srcs/sources_1/ping.sv:159]
WARNING: [Synth 8-6014] Unused sequential element ICMP_Msg_reg[185] was removed.  [/home/moikawa/proj_Mitsuhashi/NexysVideo_UdpTest/UDP.srcs/sources_1/ping.sv:159]
WARNING: [Synth 8-6014] Unused sequential element ICMP_Msg_reg[184] was removed.  [/home/moikawa/proj_Mitsuhashi/NexysVideo_UdpTest/UDP.srcs/sources_1/ping.sv:159]
WARNING: [Synth 8-6014] Unused sequential element ICMP_Msg_reg[183] was removed.  [/home/moikawa/proj_Mitsuhashi/NexysVideo_UdpTest/UDP.srcs/sources_1/ping.sv:159]
WARNING: [Synth 8-6014] Unused sequential element ICMP_Msg_reg[182] was removed.  [/home/moikawa/proj_Mitsuhashi/NexysVideo_UdpTest/UDP.srcs/sources_1/ping.sv:159]
WARNING: [Synth 8-6014] Unused sequential element ICMP_Msg_reg[181] was removed.  [/home/moikawa/proj_Mitsuhashi/NexysVideo_UdpTest/UDP.srcs/sources_1/ping.sv:159]
WARNING: [Synth 8-6014] Unused sequential element ICMP_Msg_reg[180] was removed.  [/home/moikawa/proj_Mitsuhashi/NexysVideo_UdpTest/UDP.srcs/sources_1/ping.sv:159]
WARNING: [Synth 8-6014] Unused sequential element ICMP_Msg_reg[179] was removed.  [/home/moikawa/proj_Mitsuhashi/NexysVideo_UdpTest/UDP.srcs/sources_1/ping.sv:159]
WARNING: [Synth 8-6014] Unused sequential element ICMP_Msg_reg[178] was removed.  [/home/moikawa/proj_Mitsuhashi/NexysVideo_UdpTest/UDP.srcs/sources_1/ping.sv:159]
WARNING: [Synth 8-6014] Unused sequential element ICMP_Msg_reg[177] was removed.  [/home/moikawa/proj_Mitsuhashi/NexysVideo_UdpTest/UDP.srcs/sources_1/ping.sv:159]
WARNING: [Synth 8-6014] Unused sequential element ICMP_Msg_reg[176] was removed.  [/home/moikawa/proj_Mitsuhashi/NexysVideo_UdpTest/UDP.srcs/sources_1/ping.sv:159]
WARNING: [Synth 8-6014] Unused sequential element ICMP_Msg_reg[175] was removed.  [/home/moikawa/proj_Mitsuhashi/NexysVideo_UdpTest/UDP.srcs/sources_1/ping.sv:159]
WARNING: [Synth 8-6014] Unused sequential element ICMP_Msg_reg[174] was removed.  [/home/moikawa/proj_Mitsuhashi/NexysVideo_UdpTest/UDP.srcs/sources_1/ping.sv:159]
WARNING: [Synth 8-6014] Unused sequential element ICMP_Msg_reg[173] was removed.  [/home/moikawa/proj_Mitsuhashi/NexysVideo_UdpTest/UDP.srcs/sources_1/ping.sv:159]
WARNING: [Synth 8-6014] Unused sequential element ICMP_Msg_reg[172] was removed.  [/home/moikawa/proj_Mitsuhashi/NexysVideo_UdpTest/UDP.srcs/sources_1/ping.sv:159]
WARNING: [Synth 8-6014] Unused sequential element ICMP_Msg_reg[171] was removed.  [/home/moikawa/proj_Mitsuhashi/NexysVideo_UdpTest/UDP.srcs/sources_1/ping.sv:159]
WARNING: [Synth 8-6014] Unused sequential element ICMP_Msg_reg[170] was removed.  [/home/moikawa/proj_Mitsuhashi/NexysVideo_UdpTest/UDP.srcs/sources_1/ping.sv:159]
WARNING: [Synth 8-6014] Unused sequential element ICMP_Msg_reg[169] was removed.  [/home/moikawa/proj_Mitsuhashi/NexysVideo_UdpTest/UDP.srcs/sources_1/ping.sv:159]
WARNING: [Synth 8-6014] Unused sequential element ICMP_Msg_reg[168] was removed.  [/home/moikawa/proj_Mitsuhashi/NexysVideo_UdpTest/UDP.srcs/sources_1/ping.sv:159]
WARNING: [Synth 8-6014] Unused sequential element ICMP_Msg_reg[167] was removed.  [/home/moikawa/proj_Mitsuhashi/NexysVideo_UdpTest/UDP.srcs/sources_1/ping.sv:159]
WARNING: [Synth 8-6014] Unused sequential element ICMP_Msg_reg[166] was removed.  [/home/moikawa/proj_Mitsuhashi/NexysVideo_UdpTest/UDP.srcs/sources_1/ping.sv:159]
WARNING: [Synth 8-6014] Unused sequential element ICMP_Msg_reg[165] was removed.  [/home/moikawa/proj_Mitsuhashi/NexysVideo_UdpTest/UDP.srcs/sources_1/ping.sv:159]
WARNING: [Synth 8-6014] Unused sequential element ICMP_Msg_reg[164] was removed.  [/home/moikawa/proj_Mitsuhashi/NexysVideo_UdpTest/UDP.srcs/sources_1/ping.sv:159]
WARNING: [Synth 8-6014] Unused sequential element ICMP_Msg_reg[163] was removed.  [/home/moikawa/proj_Mitsuhashi/NexysVideo_UdpTest/UDP.srcs/sources_1/ping.sv:159]
WARNING: [Synth 8-6014] Unused sequential element ICMP_Msg_reg[162] was removed.  [/home/moikawa/proj_Mitsuhashi/NexysVideo_UdpTest/UDP.srcs/sources_1/ping.sv:159]
WARNING: [Synth 8-6014] Unused sequential element ICMP_Msg_reg[161] was removed.  [/home/moikawa/proj_Mitsuhashi/NexysVideo_UdpTest/UDP.srcs/sources_1/ping.sv:159]
WARNING: [Synth 8-6014] Unused sequential element ICMP_Msg_reg[160] was removed.  [/home/moikawa/proj_Mitsuhashi/NexysVideo_UdpTest/UDP.srcs/sources_1/ping.sv:159]
WARNING: [Synth 8-6014] Unused sequential element ICMP_Msg_reg[159] was removed.  [/home/moikawa/proj_Mitsuhashi/NexysVideo_UdpTest/UDP.srcs/sources_1/ping.sv:159]
WARNING: [Synth 8-6014] Unused sequential element ICMP_Msg_reg[158] was removed.  [/home/moikawa/proj_Mitsuhashi/NexysVideo_UdpTest/UDP.srcs/sources_1/ping.sv:159]
WARNING: [Synth 8-6014] Unused sequential element ICMP_Msg_reg[157] was removed.  [/home/moikawa/proj_Mitsuhashi/NexysVideo_UdpTest/UDP.srcs/sources_1/ping.sv:159]
WARNING: [Synth 8-6014] Unused sequential element ICMP_Msg_reg[156] was removed.  [/home/moikawa/proj_Mitsuhashi/NexysVideo_UdpTest/UDP.srcs/sources_1/ping.sv:159]
INFO: [Common 17-14] Message 'Synth 8-6014' appears 100 times and further instances of the messages will be disabled. Use the Tcl command set_msg_config to change the current settings.
INFO: [Synth 8-6155] done synthesizing module 'ping' (11#1) [/home/moikawa/proj_Mitsuhashi/NexysVideo_UdpTest/UDP.srcs/sources_1/ping.sv:22]
INFO: [Synth 8-6157] synthesizing module 'recv_image' [/home/moikawa/proj_Mitsuhashi/NexysVideo_UdpTest/UDP.srcs/sources_1/recv_image.sv:30]
	Parameter Idle bound to: 8'b00000000 
	Parameter Presv bound to: 8'b00000001 
	Parameter Hcsum bound to: 8'b00000010 
	Parameter Hc_End bound to: 8'b00000011 
	Parameter Ucsum bound to: 8'b00000100 
	Parameter Uc_End bound to: 8'b00000101 
	Parameter Select bound to: 8'b00000110 
	Parameter Recv_End bound to: 8'b00000111 
	Parameter ERROR bound to: 8'b00001000 
	Parameter eth_head bound to: 4'b1110 
	Parameter udp bound to: 6'b100010 
	Parameter MsgSize bound to: 16'b0000001111101000 
INFO: [Synth 8-5534] Detected attribute (* dont_touch = "true" *) [/home/moikawa/proj_Mitsuhashi/NexysVideo_UdpTest/UDP.srcs/sources_1/recv_image.sv:98]
INFO: [Synth 8-5534] Detected attribute (* dont_touch = "true" *) [/home/moikawa/proj_Mitsuhashi/NexysVideo_UdpTest/UDP.srcs/sources_1/recv_image.sv:100]
INFO: [Synth 8-5534] Detected attribute (* dont_touch = "true" *) [/home/moikawa/proj_Mitsuhashi/NexysVideo_UdpTest/UDP.srcs/sources_1/recv_image.sv:101]
INFO: [Synth 8-5534] Detected attribute (* dont_touch = "true" *) [/home/moikawa/proj_Mitsuhashi/NexysVideo_UdpTest/UDP.srcs/sources_1/recv_image.sv:102]
INFO: [Synth 8-5534] Detected attribute (* dont_touch = "true" *) [/home/moikawa/proj_Mitsuhashi/NexysVideo_UdpTest/UDP.srcs/sources_1/recv_image.sv:261]
INFO: [Synth 8-5534] Detected attribute (* dont_touch = "true" *) [/home/moikawa/proj_Mitsuhashi/NexysVideo_UdpTest/UDP.srcs/sources_1/recv_image.sv:263]
WARNING: [Synth 8-6090] variable 'v_cnt' is written by both blocking and non-blocking assignments, entire logic could be removed [/home/moikawa/proj_Mitsuhashi/NexysVideo_UdpTest/UDP.srcs/sources_1/recv_image.sv:416]
INFO: [Synth 8-6157] synthesizing module 'image_RAM' [/home/moikawa/proj_Mitsuhashi/NexysVideo_UdpTest/UDP.runs/synth_2/.Xil/Vivado-29845-Z10PE-01/realtime/image_RAM_stub.v:6]
INFO: [Synth 8-6155] done synthesizing module 'image_RAM' (12#1) [/home/moikawa/proj_Mitsuhashi/NexysVideo_UdpTest/UDP.runs/synth_2/.Xil/Vivado-29845-Z10PE-01/realtime/image_RAM_stub.v:6]
INFO: [Synth 8-4471] merging register 'data_pipe_v_reg[16][7:0]' into 'data_pipe_reg[17][7:0]' [/home/moikawa/proj_Mitsuhashi/NexysVideo_UdpTest/UDP.srcs/sources_1/recv_image.sv:347]
INFO: [Synth 8-6155] done synthesizing module 'recv_image' (13#1) [/home/moikawa/proj_Mitsuhashi/NexysVideo_UdpTest/UDP.srcs/sources_1/recv_image.sv:30]
INFO: [Synth 8-6157] synthesizing module 'trans_image' [/home/moikawa/proj_Mitsuhashi/NexysVideo_UdpTest/UDP.srcs/sources_1/trans_image.sv:28]
	Parameter IDLE bound to: 8'b00000000 
	Parameter Presv bound to: 8'b00000001 
	Parameter READY bound to: 8'b00000010 
	Parameter Hcsum bound to: 8'b00000011 
	Parameter Hc_End bound to: 8'b00000100 
	Parameter Ucsum bound to: 8'b00000101 
	Parameter Uc_End bound to: 8'b00000110 
	Parameter Tx_En bound to: 8'b00000111 
	Parameter Select bound to: 8'b00001000 
	Parameter Tx_End bound to: 8'b00001001 
	Parameter ERROR bound to: 8'b00001010 
	Parameter eth_head bound to: 4'b1110 
	Parameter udp bound to: 6'b100010 
	Parameter FTYPE bound to: 16'b0000100000000000 
	Parameter MsgSize bound to: 16'b0000001111101000 
	Parameter TTL bound to: 8'b11111111 
	Parameter PckSize bound to: 11'b10000010110 
INFO: [Synth 8-5534] Detected attribute (* dont_touch = "true" *) [/home/moikawa/proj_Mitsuhashi/NexysVideo_UdpTest/UDP.srcs/sources_1/trans_image.sv:99]
INFO: [Synth 8-5534] Detected attribute (* dont_touch = "true" *) [/home/moikawa/proj_Mitsuhashi/NexysVideo_UdpTest/UDP.srcs/sources_1/trans_image.sv:100]
INFO: [Synth 8-5534] Detected attribute (* dont_touch = "true" *) [/home/moikawa/proj_Mitsuhashi/NexysVideo_UdpTest/UDP.srcs/sources_1/trans_image.sv:104]
INFO: [Synth 8-5534] Detected attribute (* dont_touch = "true" *) [/home/moikawa/proj_Mitsuhashi/NexysVideo_UdpTest/UDP.srcs/sources_1/trans_image.sv:106]
INFO: [Synth 8-5534] Detected attribute (* dont_touch = "true" *) [/home/moikawa/proj_Mitsuhashi/NexysVideo_UdpTest/UDP.srcs/sources_1/trans_image.sv:107]
INFO: [Synth 8-5534] Detected attribute (* dont_touch = "true" *) [/home/moikawa/proj_Mitsuhashi/NexysVideo_UdpTest/UDP.srcs/sources_1/trans_image.sv:109]
INFO: [Synth 8-5534] Detected attribute (* dont_touch = "true" *) [/home/moikawa/proj_Mitsuhashi/NexysVideo_UdpTest/UDP.srcs/sources_1/trans_image.sv:341]
INFO: [Synth 8-5534] Detected attribute (* dont_touch = "true" *) [/home/moikawa/proj_Mitsuhashi/NexysVideo_UdpTest/UDP.srcs/sources_1/trans_image.sv:343]
INFO: [Synth 8-5534] Detected attribute (* dont_touch = "true" *) [/home/moikawa/proj_Mitsuhashi/NexysVideo_UdpTest/UDP.srcs/sources_1/trans_image.sv:639]
WARNING: [Synth 8-6090] variable 'v_cnt' is written by both blocking and non-blocking assignments, entire logic could be removed [/home/moikawa/proj_Mitsuhashi/NexysVideo_UdpTest/UDP.srcs/sources_1/trans_image.sv:607]
WARNING: [Synth 8-567] referenced signal 'txbuf_sel2' should be on the sensitivity list [/home/moikawa/proj_Mitsuhashi/NexysVideo_UdpTest/UDP.srcs/sources_1/trans_image.sv:703]
INFO: [Synth 8-4471] merging register 'data_pipe_v_reg[16][7:0]' into 'data_pipe_reg[17][7:0]' [/home/moikawa/proj_Mitsuhashi/NexysVideo_UdpTest/UDP.srcs/sources_1/trans_image.sv:426]
INFO: [Synth 8-4471] merging register 'data_pipe2_reg[17][7:0]' into 'data_pipe_reg[17][7:0]' [/home/moikawa/proj_Mitsuhashi/NexysVideo_UdpTest/UDP.srcs/sources_1/trans_image.sv:714]
INFO: [Synth 8-6155] done synthesizing module 'trans_image' (14#1) [/home/moikawa/proj_Mitsuhashi/NexysVideo_UdpTest/UDP.srcs/sources_1/trans_image.sv:28]
WARNING: [Synth 8-350] instance 'trans_image' of module 'trans_image' requires 19 connections, but only 17 given [/home/moikawa/proj_Mitsuhashi/NexysVideo_UdpTest/UDP.srcs/sources_1/Arbiter.sv:293]
INFO: [Synth 8-6155] done synthesizing module 'Arbiter' (15#1) [/home/moikawa/proj_Mitsuhashi/NexysVideo_UdpTest/UDP.srcs/sources_1/Arbiter.sv:23]
INFO: [Synth 8-6157] synthesizing module 'T_Arbiter' [/home/moikawa/proj_Mitsuhashi/NexysVideo_UdpTest/UDP.srcs/sources_1/T_Arbiter.sv:22]
	Parameter Idle bound to: 4'b0000 
	Parameter Stby bound to: 4'b0001 
	Parameter TxPre bound to: 4'b0010 
	Parameter TxData bound to: 4'b0100 
	Parameter TxEnd bound to: 4'b1000 
INFO: [Synth 8-5534] Detected attribute (* dont_touch = "true" *) [/home/moikawa/proj_Mitsuhashi/NexysVideo_UdpTest/UDP.srcs/sources_1/T_Arbiter.sv:205]
INFO: [Synth 8-5534] Detected attribute (* dont_touch = "true" *) [/home/moikawa/proj_Mitsuhashi/NexysVideo_UdpTest/UDP.srcs/sources_1/T_Arbiter.sv:273]
INFO: [Synth 8-155] case statement is not full and has no default [/home/moikawa/proj_Mitsuhashi/NexysVideo_UdpTest/UDP.srcs/sources_1/T_Arbiter.sv:63]
INFO: [Synth 8-6157] synthesizing module 'queue' [/home/moikawa/proj_Mitsuhashi/NexysVideo_UdpTest/UDP.runs/synth_2/.Xil/Vivado-29845-Z10PE-01/realtime/queue_stub.v:6]
INFO: [Synth 8-6155] done synthesizing module 'queue' (16#1) [/home/moikawa/proj_Mitsuhashi/NexysVideo_UdpTest/UDP.runs/synth_2/.Xil/Vivado-29845-Z10PE-01/realtime/queue_stub.v:6]
INFO: [Synth 8-155] case statement is not full and has no default [/home/moikawa/proj_Mitsuhashi/NexysVideo_UdpTest/UDP.srcs/sources_1/T_Arbiter.sv:207]
WARNING: [Synth 8-87] always_comb on 'wr_en_reg' did not result in combinational logic [/home/moikawa/proj_Mitsuhashi/NexysVideo_UdpTest/UDP.srcs/sources_1/T_Arbiter.sv:114]
WARNING: [Synth 8-87] always_comb on 'q_din_reg' did not result in combinational logic [/home/moikawa/proj_Mitsuhashi/NexysVideo_UdpTest/UDP.srcs/sources_1/T_Arbiter.sv:115]
INFO: [Synth 8-6155] done synthesizing module 'T_Arbiter' (17#1) [/home/moikawa/proj_Mitsuhashi/NexysVideo_UdpTest/UDP.srcs/sources_1/T_Arbiter.sv:22]
WARNING: [Synth 8-350] instance 'T_Arbiter' of module 'T_Arbiter' requires 11 connections, but only 10 given [/home/moikawa/proj_Mitsuhashi/NexysVideo_UdpTest/UDP.srcs/sources_1/TOP.sv:158]
WARNING: [Synth 8-324] index 8 out of range [/home/moikawa/proj_Mitsuhashi/NexysVideo_UdpTest/UDP.srcs/sources_1/TOP.sv:227]
WARNING: [Synth 8-3848] Net PMOD_B in module/entity TOP does not have driver. [/home/moikawa/proj_Mitsuhashi/NexysVideo_UdpTest/UDP.srcs/sources_1/TOP.sv:45]
WARNING: [Synth 8-3848] Net PMOD_C in module/entity TOP does not have driver. [/home/moikawa/proj_Mitsuhashi/NexysVideo_UdpTest/UDP.srcs/sources_1/TOP.sv:46]
WARNING: [Synth 8-3848] Net UDP_btn_d in module/entity TOP does not have driver. [/home/moikawa/proj_Mitsuhashi/NexysVideo_UdpTest/UDP.srcs/sources_1/TOP.sv:139]
WARNING: [Synth 8-3848] Net UDP_btn_tx in module/entity TOP does not have driver. [/home/moikawa/proj_Mitsuhashi/NexysVideo_UdpTest/UDP.srcs/sources_1/TOP.sv:135]
WARNING: [Synth 8-3848] Net rst125 in module/entity TOP does not have driver. [/home/moikawa/proj_Mitsuhashi/NexysVideo_UdpTest/UDP.srcs/sources_1/TOP.sv:89]
INFO: [Synth 8-6155] done synthesizing module 'TOP' (18#1) [/home/moikawa/proj_Mitsuhashi/NexysVideo_UdpTest/UDP.srcs/sources_1/TOP.sv:22]
WARNING: [Synth 8-3917] design TOP has port eth_mdc driven by constant 1
WARNING: [Synth 8-3917] design TOP has port PMOD_A[6] driven by constant 0
WARNING: [Synth 8-3917] design TOP has port PMOD_A[5] driven by constant 0
WARNING: [Synth 8-3917] design TOP has port PMOD_A[4] driven by constant 1
WARNING: [Synth 8-3917] design TOP has port SET_VADJ[1] driven by constant 1
WARNING: [Synth 8-3917] design TOP has port SET_VADJ[0] driven by constant 1
WARNING: [Synth 8-3917] design TOP has port VADJ_EN driven by constant 1
WARNING: [Synth 8-3331] design trans_image has unconnected port SW[3]
WARNING: [Synth 8-3331] design trans_image has unconnected port SW[2]
WARNING: [Synth 8-3331] design trans_image has unconnected port SW[1]
WARNING: [Synth 8-3331] design trans_image has unconnected port SW[0]
WARNING: [Synth 8-3331] design recv_image has unconnected port clk125
WARNING: [Synth 8-3331] design recv_image has unconnected port SW[3]
WARNING: [Synth 8-3331] design recv_image has unconnected port SW[2]
WARNING: [Synth 8-3331] design recv_image has unconnected port SW[1]
WARNING: [Synth 8-3331] design recv_image has unconnected port SW[0]
WARNING: [Synth 8-3331] design Arbiter has unconnected port rst125
WARNING: [Synth 8-3331] design TOP has unconnected port LED[6]
WARNING: [Synth 8-3331] design TOP has unconnected port LED[5]
WARNING: [Synth 8-3331] design TOP has unconnected port LED[4]
WARNING: [Synth 8-3331] design TOP has unconnected port PMOD_A[7]
WARNING: [Synth 8-3331] design TOP has unconnected port PMOD_B[7]
WARNING: [Synth 8-3331] design TOP has unconnected port PMOD_B[6]
WARNING: [Synth 8-3331] design TOP has unconnected port PMOD_B[5]
WARNING: [Synth 8-3331] design TOP has unconnected port PMOD_B[4]
WARNING: [Synth 8-3331] design TOP has unconnected port PMOD_B[3]
WARNING: [Synth 8-3331] design TOP has unconnected port PMOD_B[2]
WARNING: [Synth 8-3331] design TOP has unconnected port PMOD_B[1]
WARNING: [Synth 8-3331] design TOP has unconnected port PMOD_B[0]
WARNING: [Synth 8-3331] design TOP has unconnected port PMOD_C[7]
WARNING: [Synth 8-3331] design TOP has unconnected port PMOD_C[6]
WARNING: [Synth 8-3331] design TOP has unconnected port PMOD_C[5]
WARNING: [Synth 8-3331] design TOP has unconnected port PMOD_C[4]
WARNING: [Synth 8-3331] design TOP has unconnected port PMOD_C[3]
WARNING: [Synth 8-3331] design TOP has unconnected port PMOD_C[2]
WARNING: [Synth 8-3331] design TOP has unconnected port PMOD_C[1]
WARNING: [Synth 8-3331] design TOP has unconnected port PMOD_C[0]
WARNING: [Synth 8-3331] design TOP has unconnected port eth_mdio
WARNING: [Synth 8-3331] design TOP has unconnected port eth_int_b
WARNING: [Synth 8-3331] design TOP has unconnected port eth_pme_b
WARNING: [Synth 8-3331] design TOP has unconnected port reset_i
---------------------------------------------------------------------------------
Finished RTL Elaboration : Time (s): cpu = 00:02:57 ; elapsed = 00:03:17 . Memory (MB): peak = 2565.598 ; gain = 1274.586 ; free physical = 55282 ; free virtual = 125052
---------------------------------------------------------------------------------

Report Check Netlist: 
+------+------------------+-------+---------+-------+------------------+
|      |Item              |Errors |Warnings |Status |Description       |
+------+------------------+-------+---------+-------+------------------+
|1     |multi_driven_nets |      0|        0|Passed |Multi driven nets |
+------+------------------+-------+---------+-------+------------------+
WARNING: [Synth 8-3295] tying undriven pin T_Arbiter:UDP_btn_d[8] to constant 0 [/home/moikawa/proj_Mitsuhashi/NexysVideo_UdpTest/UDP.srcs/sources_1/TOP.sv:158]
WARNING: [Synth 8-3295] tying undriven pin T_Arbiter:UDP_btn_d[7] to constant 0 [/home/moikawa/proj_Mitsuhashi/NexysVideo_UdpTest/UDP.srcs/sources_1/TOP.sv:158]
WARNING: [Synth 8-3295] tying undriven pin T_Arbiter:UDP_btn_d[6] to constant 0 [/home/moikawa/proj_Mitsuhashi/NexysVideo_UdpTest/UDP.srcs/sources_1/TOP.sv:158]
WARNING: [Synth 8-3295] tying undriven pin T_Arbiter:UDP_btn_d[5] to constant 0 [/home/moikawa/proj_Mitsuhashi/NexysVideo_UdpTest/UDP.srcs/sources_1/TOP.sv:158]
WARNING: [Synth 8-3295] tying undriven pin T_Arbiter:UDP_btn_d[4] to constant 0 [/home/moikawa/proj_Mitsuhashi/NexysVideo_UdpTest/UDP.srcs/sources_1/TOP.sv:158]
WARNING: [Synth 8-3295] tying undriven pin T_Arbiter:UDP_btn_d[3] to constant 0 [/home/moikawa/proj_Mitsuhashi/NexysVideo_UdpTest/UDP.srcs/sources_1/TOP.sv:158]
WARNING: [Synth 8-3295] tying undriven pin T_Arbiter:UDP_btn_d[2] to constant 0 [/home/moikawa/proj_Mitsuhashi/NexysVideo_UdpTest/UDP.srcs/sources_1/TOP.sv:158]
WARNING: [Synth 8-3295] tying undriven pin T_Arbiter:UDP_btn_d[1] to constant 0 [/home/moikawa/proj_Mitsuhashi/NexysVideo_UdpTest/UDP.srcs/sources_1/TOP.sv:158]
WARNING: [Synth 8-3295] tying undriven pin T_Arbiter:UDP_btn_d[0] to constant 0 [/home/moikawa/proj_Mitsuhashi/NexysVideo_UdpTest/UDP.srcs/sources_1/TOP.sv:158]
WARNING: [Synth 8-3295] tying undriven pin T_Arbiter:UDP_btn_tx to constant 0 [/home/moikawa/proj_Mitsuhashi/NexysVideo_UdpTest/UDP.srcs/sources_1/TOP.sv:158]
WARNING: [Synth 8-3295] tying undriven pin T_Arbiter:UDP_tx to constant 0 [/home/moikawa/proj_Mitsuhashi/NexysVideo_UdpTest/UDP.srcs/sources_1/TOP.sv:158]
---------------------------------------------------------------------------------
Start Handling Custom Attributes
---------------------------------------------------------------------------------
---------------------------------------------------------------------------------
Finished Handling Custom Attributes : Time (s): cpu = 00:03:08 ; elapsed = 00:03:30 . Memory (MB): peak = 2565.598 ; gain = 1274.586 ; free physical = 55419 ; free virtual = 125189
---------------------------------------------------------------------------------
---------------------------------------------------------------------------------
Finished RTL Optimization Phase 1 : Time (s): cpu = 00:03:08 ; elapsed = 00:03:30 . Memory (MB): peak = 2565.598 ; gain = 1274.586 ; free physical = 55419 ; free virtual = 125189
---------------------------------------------------------------------------------
INFO: [Netlist 29-17] Analyzing 11 Unisim elements for replacement
INFO: [Netlist 29-28] Unisim Transformation completed in 0 CPU seconds
INFO: [Device 21-403] Loading part xc7a200tsbg484-1
INFO: [Project 1-570] Preparing netlist for logic optimization

Processing XDC Constraints
Initializing timing engine
Parsing XDC File [/home/moikawa/proj_Mitsuhashi/NexysVideo_UdpTest/UDP.srcs/sources_1/ip/image_RAM/image_RAM/image_RAM_in_context.xdc] for cell 'R_Arbiter/recv_image/image_RAM'
Finished Parsing XDC File [/home/moikawa/proj_Mitsuhashi/NexysVideo_UdpTest/UDP.srcs/sources_1/ip/image_RAM/image_RAM/image_RAM_in_context.xdc] for cell 'R_Arbiter/recv_image/image_RAM'
Parsing XDC File [/home/moikawa/proj_Mitsuhashi/NexysVideo_UdpTest/UDP.srcs/sources_1/ip/CLKGEN/CLKGEN/CLKGEN_in_context.xdc] for cell 'clkgen'
Finished Parsing XDC File [/home/moikawa/proj_Mitsuhashi/NexysVideo_UdpTest/UDP.srcs/sources_1/ip/CLKGEN/CLKGEN/CLKGEN_in_context.xdc] for cell 'clkgen'
Parsing XDC File [/home/moikawa/proj_Mitsuhashi/NexysVideo_UdpTest/UDP.srcs/sources_1/ip/queue/queue/queue_in_context.xdc] for cell 'T_Arbiter/TX_queue'
Finished Parsing XDC File [/home/moikawa/proj_Mitsuhashi/NexysVideo_UdpTest/UDP.srcs/sources_1/ip/queue/queue/queue_in_context.xdc] for cell 'T_Arbiter/TX_queue'
Parsing XDC File [/home/moikawa/proj_Mitsuhashi/NexysVideo_UdpTest/UDP.srcs/sources_1/ip/ETH_CLKGEN/ETH_CLKGEN/ETH_CLKGEN_in_context.xdc] for cell 'eth_clkgen'
Finished Parsing XDC File [/home/moikawa/proj_Mitsuhashi/NexysVideo_UdpTest/UDP.srcs/sources_1/ip/ETH_CLKGEN/ETH_CLKGEN/ETH_CLKGEN_in_context.xdc] for cell 'eth_clkgen'
Parsing XDC File [/home/moikawa/proj_Mitsuhashi/NexysVideo_UdpTest/UDP.srcs/constrs_1/NexysVideo_20181221.xdc]
CRITICAL WARNING: [Constraints 18-1056] Clock 'PHY_RXCLK' completely overrides clock 'ETH_RXCK'.
New: create_clock -period 8.000 -name PHY_RXCLK -waveform {0.000 4.000} [get_ports ETH_RXCK], [/home/moikawa/proj_Mitsuhashi/NexysVideo_UdpTest/UDP.srcs/constrs_1/NexysVideo_20181221.xdc:12]
Previous: create_clock -period 8.000 [get_ports ETH_RXCK], [/home/moikawa/proj_Mitsuhashi/NexysVideo_UdpTest/UDP.srcs/sources_1/ip/ETH_CLKGEN/ETH_CLKGEN/ETH_CLKGEN_in_context.xdc:1]
Resolution: Review the constraint files and remove the redundant clock definition(s). If the clock constraints are not saved in a file, you can first save the constraints to an XDC file and reload the design once the constraints have been corrected.
WARNING: [Vivado 12-180] No cells matched 'R_Arbiter/arp/tx_en_reg*'. [/home/moikawa/proj_Mitsuhashi/NexysVideo_UdpTest/UDP.srcs/constrs_1/NexysVideo_20181221.xdc:41]
WARNING: [Vivado 12-180] No cells matched 'R_Arbiter/arp/tx_en_clk125_d_reg*'. [/home/moikawa/proj_Mitsuhashi/NexysVideo_UdpTest/UDP.srcs/constrs_1/NexysVideo_20181221.xdc:41]
WARNING: [Vivado 12-180] No cells matched 'R_Arbiter/ping/tx_en_reg*'. [/home/moikawa/proj_Mitsuhashi/NexysVideo_UdpTest/UDP.srcs/constrs_1/NexysVideo_20181221.xdc:42]
WARNING: [Vivado 12-180] No cells matched 'R_Arbiter/ping/tx_en_clk125_d_reg*'. [/home/moikawa/proj_Mitsuhashi/NexysVideo_UdpTest/UDP.srcs/constrs_1/NexysVideo_20181221.xdc:42]
Finished Parsing XDC File [/home/moikawa/proj_Mitsuhashi/NexysVideo_UdpTest/UDP.srcs/constrs_1/NexysVideo_20181221.xdc]
WARNING: [Project 1-498] One or more constraints failed evaluation while reading constraint file [/home/moikawa/proj_Mitsuhashi/NexysVideo_UdpTest/UDP.srcs/constrs_1/NexysVideo_20181221.xdc] and the design contains unresolved black boxes. These constraints will be read post-synthesis (as long as their source constraint file is marked as used_in_implementation) and should be applied correctly then. You should review the constraints listed in the file [.Xil/TOP_propImpl.xdc] and check the run log file to verify that these constraints were correctly applied.
INFO: [Project 1-236] Implementation specific constraints were found while reading constraint file [/home/moikawa/proj_Mitsuhashi/NexysVideo_UdpTest/UDP.srcs/constrs_1/NexysVideo_20181221.xdc]. These constraints will be ignored for synthesis but will be used in implementation. Impacted constraints are listed in the file [.Xil/TOP_propImpl.xdc].
Resolution: To avoid this warning, move constraints listed in [.Xil/TOP_propImpl.xdc] to another XDC file and exclude this new file from synthesis with the used_in_synthesis property (File Properties dialog in GUI) and re-run elaboration/synthesis.
Parsing XDC File [/home/moikawa/proj_Mitsuhashi/NexysVideo_UdpTest/UDP.srcs/constrs_1/new/etc.xdc]
Finished Parsing XDC File [/home/moikawa/proj_Mitsuhashi/NexysVideo_UdpTest/UDP.srcs/constrs_1/new/etc.xdc]
INFO: [Project 1-236] Implementation specific constraints were found while reading constraint file [/home/moikawa/proj_Mitsuhashi/NexysVideo_UdpTest/UDP.srcs/constrs_1/new/etc.xdc]. These constraints will be ignored for synthesis but will be used in implementation. Impacted constraints are listed in the file [.Xil/TOP_propImpl.xdc].
Resolution: To avoid this warning, move constraints listed in [.Xil/TOP_propImpl.xdc] to another XDC file and exclude this new file from synthesis with the used_in_synthesis property (File Properties dialog in GUI) and re-run elaboration/synthesis.
Parsing XDC File [/home/moikawa/proj_Mitsuhashi/NexysVideo_UdpTest/UDP.runs/synth_2/dont_touch.xdc]
Finished Parsing XDC File [/home/moikawa/proj_Mitsuhashi/NexysVideo_UdpTest/UDP.runs/synth_2/dont_touch.xdc]
Completed Processing XDC Constraints

INFO: [Project 1-111] Unisim Transformation Summary:
No Unisim elements were transformed.

Constraint Validation Runtime : Time (s): cpu = 00:00:00.06 ; elapsed = 00:00:00.07 . Memory (MB): peak = 2948.047 ; gain = 0.000 ; free physical = 54712 ; free virtual = 124498
WARNING: [Timing 38-316] Clock period '20.000' specified during out-of-context synthesis of instance 'R_Arbiter/recv_image/image_RAM' at clock pin 'clka' is different from the actual clock period '8.000', this can lead to different synthesis results.
WARNING: [Timing 38-316] Clock period '10.000' specified during out-of-context synthesis of instance 'T_Arbiter/TX_queue' at clock pin 'rd_clk' is different from the actual clock period '8.000', this can lead to different synthesis results.
---------------------------------------------------------------------------------
Finished Constraint Validation : Time (s): cpu = 00:04:07 ; elapsed = 00:04:36 . Memory (MB): peak = 2948.047 ; gain = 1657.035 ; free physical = 55156 ; free virtual = 124941
---------------------------------------------------------------------------------
INFO: [Synth 8-5580] Multithreading enabled for synth_design using a maximum of 4 processes.
INFO: [Synth 8-4471] merging register 'TXBUF_reg[21][7:0]' into 'TXBUF_reg[61][7:0]' [/home/moikawa/proj_Mitsuhashi/NexysVideo_UdpTest/UDP.srcs/sources_1/ARP.sv:95]
INFO: [Synth 8-4471] merging register 'TXBUF_reg[19][7:0]' into 'TXBUF_reg[63][7:0]' [/home/moikawa/proj_Mitsuhashi/NexysVideo_UdpTest/UDP.srcs/sources_1/ARP.sv:95]
INFO: [Synth 8-4471] merging register 'TXBUF_reg[15][7:0]' into 'TXBUF_reg[60][7:0]' [/home/moikawa/proj_Mitsuhashi/NexysVideo_UdpTest/UDP.srcs/sources_1/ARP.sv:95]
INFO: [Synth 8-4471] merging register 'TXBUF_reg[13][7:0]' into 'TXBUF_reg[18][7:0]' [/home/moikawa/proj_Mitsuhashi/NexysVideo_UdpTest/UDP.srcs/sources_1/ARP.sv:95]
INFO: [Synth 8-4471] merging register 'TXBUF_reg[12][7:0]' into 'TXBUF_reg[16][7:0]' [/home/moikawa/proj_Mitsuhashi/NexysVideo_UdpTest/UDP.srcs/sources_1/ARP.sv:95]
INFO: [Synth 8-4471] merging register 'TXBUF_reg[11][7:0]' into 'TXBUF_reg[27][7:0]' [/home/moikawa/proj_Mitsuhashi/NexysVideo_UdpTest/UDP.srcs/sources_1/ARP.sv:95]
INFO: [Synth 8-4471] merging register 'TXBUF_reg[10][7:0]' into 'TXBUF_reg[26][7:0]' [/home/moikawa/proj_Mitsuhashi/NexysVideo_UdpTest/UDP.srcs/sources_1/ARP.sv:95]
INFO: [Synth 8-4471] merging register 'TXBUF_reg[9][7:0]' into 'TXBUF_reg[25][7:0]' [/home/moikawa/proj_Mitsuhashi/NexysVideo_UdpTest/UDP.srcs/sources_1/ARP.sv:95]
INFO: [Synth 8-4471] merging register 'TXBUF_reg[8][7:0]' into 'TXBUF_reg[24][7:0]' [/home/moikawa/proj_Mitsuhashi/NexysVideo_UdpTest/UDP.srcs/sources_1/ARP.sv:95]
INFO: [Synth 8-4471] merging register 'TXBUF_reg[7][7:0]' into 'TXBUF_reg[23][7:0]' [/home/moikawa/proj_Mitsuhashi/NexysVideo_UdpTest/UDP.srcs/sources_1/ARP.sv:95]
INFO: [Synth 8-4471] merging register 'TXBUF_reg[6][7:0]' into 'TXBUF_reg[22][7:0]' [/home/moikawa/proj_Mitsuhashi/NexysVideo_UdpTest/UDP.srcs/sources_1/ARP.sv:95]
INFO: [Synth 8-4471] merging register 'TXBUF_reg[5][7:0]' into 'TXBUF_reg[37][7:0]' [/home/moikawa/proj_Mitsuhashi/NexysVideo_UdpTest/UDP.srcs/sources_1/ARP.sv:95]
INFO: [Synth 8-4471] merging register 'TXBUF_reg[4][7:0]' into 'TXBUF_reg[36][7:0]' [/home/moikawa/proj_Mitsuhashi/NexysVideo_UdpTest/UDP.srcs/sources_1/ARP.sv:95]
INFO: [Synth 8-4471] merging register 'TXBUF_reg[3][7:0]' into 'TXBUF_reg[35][7:0]' [/home/moikawa/proj_Mitsuhashi/NexysVideo_UdpTest/UDP.srcs/sources_1/ARP.sv:95]
INFO: [Synth 8-4471] merging register 'TXBUF_reg[2][7:0]' into 'TXBUF_reg[34][7:0]' [/home/moikawa/proj_Mitsuhashi/NexysVideo_UdpTest/UDP.srcs/sources_1/ARP.sv:95]
INFO: [Synth 8-4471] merging register 'TXBUF_reg[1][7:0]' into 'TXBUF_reg[33][7:0]' [/home/moikawa/proj_Mitsuhashi/NexysVideo_UdpTest/UDP.srcs/sources_1/ARP.sv:95]
INFO: [Synth 8-4471] merging register 'TXBUF_reg[0][7:0]' into 'TXBUF_reg[32][7:0]' [/home/moikawa/proj_Mitsuhashi/NexysVideo_UdpTest/UDP.srcs/sources_1/ARP.sv:95]
INFO: [Synth 8-4471] merging register 'TXBUF_reg[58][7:0]' into 'TXBUF_reg[59][7:0]' [/home/moikawa/proj_Mitsuhashi/NexysVideo_UdpTest/UDP.srcs/sources_1/ARP.sv:95]
INFO: [Synth 8-4471] merging register 'TXBUF_reg[57][7:0]' into 'TXBUF_reg[59][7:0]' [/home/moikawa/proj_Mitsuhashi/NexysVideo_UdpTest/UDP.srcs/sources_1/ARP.sv:95]
INFO: [Synth 8-4471] merging register 'TXBUF_reg[56][7:0]' into 'TXBUF_reg[59][7:0]' [/home/moikawa/proj_Mitsuhashi/NexysVideo_UdpTest/UDP.srcs/sources_1/ARP.sv:95]
INFO: [Synth 8-4471] merging register 'TXBUF_reg[55][7:0]' into 'TXBUF_reg[59][7:0]' [/home/moikawa/proj_Mitsuhashi/NexysVideo_UdpTest/UDP.srcs/sources_1/ARP.sv:95]
INFO: [Synth 8-4471] merging register 'TXBUF_reg[54][7:0]' into 'TXBUF_reg[59][7:0]' [/home/moikawa/proj_Mitsuhashi/NexysVideo_UdpTest/UDP.srcs/sources_1/ARP.sv:95]
INFO: [Synth 8-4471] merging register 'TXBUF_reg[53][7:0]' into 'TXBUF_reg[59][7:0]' [/home/moikawa/proj_Mitsuhashi/NexysVideo_UdpTest/UDP.srcs/sources_1/ARP.sv:95]
INFO: [Synth 8-4471] merging register 'TXBUF_reg[52][7:0]' into 'TXBUF_reg[59][7:0]' [/home/moikawa/proj_Mitsuhashi/NexysVideo_UdpTest/UDP.srcs/sources_1/ARP.sv:95]
INFO: [Synth 8-4471] merging register 'TXBUF_reg[51][7:0]' into 'TXBUF_reg[59][7:0]' [/home/moikawa/proj_Mitsuhashi/NexysVideo_UdpTest/UDP.srcs/sources_1/ARP.sv:95]
INFO: [Synth 8-4471] merging register 'TXBUF_reg[50][7:0]' into 'TXBUF_reg[59][7:0]' [/home/moikawa/proj_Mitsuhashi/NexysVideo_UdpTest/UDP.srcs/sources_1/ARP.sv:95]
INFO: [Synth 8-4471] merging register 'TXBUF_reg[49][7:0]' into 'TXBUF_reg[59][7:0]' [/home/moikawa/proj_Mitsuhashi/NexysVideo_UdpTest/UDP.srcs/sources_1/ARP.sv:95]
INFO: [Synth 8-4471] merging register 'TXBUF_reg[48][7:0]' into 'TXBUF_reg[59][7:0]' [/home/moikawa/proj_Mitsuhashi/NexysVideo_UdpTest/UDP.srcs/sources_1/ARP.sv:95]
INFO: [Synth 8-4471] merging register 'TXBUF_reg[47][7:0]' into 'TXBUF_reg[59][7:0]' [/home/moikawa/proj_Mitsuhashi/NexysVideo_UdpTest/UDP.srcs/sources_1/ARP.sv:95]
INFO: [Synth 8-4471] merging register 'TXBUF_reg[46][7:0]' into 'TXBUF_reg[59][7:0]' [/home/moikawa/proj_Mitsuhashi/NexysVideo_UdpTest/UDP.srcs/sources_1/ARP.sv:95]
INFO: [Synth 8-4471] merging register 'TXBUF_reg[45][7:0]' into 'TXBUF_reg[59][7:0]' [/home/moikawa/proj_Mitsuhashi/NexysVideo_UdpTest/UDP.srcs/sources_1/ARP.sv:95]
INFO: [Synth 8-4471] merging register 'TXBUF_reg[44][7:0]' into 'TXBUF_reg[59][7:0]' [/home/moikawa/proj_Mitsuhashi/NexysVideo_UdpTest/UDP.srcs/sources_1/ARP.sv:95]
INFO: [Synth 8-4471] merging register 'TXBUF_reg[43][7:0]' into 'TXBUF_reg[59][7:0]' [/home/moikawa/proj_Mitsuhashi/NexysVideo_UdpTest/UDP.srcs/sources_1/ARP.sv:95]
INFO: [Synth 8-4471] merging register 'TXBUF_reg[42][7:0]' into 'TXBUF_reg[59][7:0]' [/home/moikawa/proj_Mitsuhashi/NexysVideo_UdpTest/UDP.srcs/sources_1/ARP.sv:95]
INFO: [Synth 8-4471] merging register 'TXBUF_reg[20][7:0]' into 'TXBUF_reg[59][7:0]' [/home/moikawa/proj_Mitsuhashi/NexysVideo_UdpTest/UDP.srcs/sources_1/ARP.sv:95]
INFO: [Synth 8-4471] merging register 'TXBUF_reg[17][7:0]' into 'TXBUF_reg[59][7:0]' [/home/moikawa/proj_Mitsuhashi/NexysVideo_UdpTest/UDP.srcs/sources_1/ARP.sv:95]
INFO: [Synth 8-4471] merging register 'TXBUF_reg[14][7:0]' into 'TXBUF_reg[59][7:0]' [/home/moikawa/proj_Mitsuhashi/NexysVideo_UdpTest/UDP.srcs/sources_1/ARP.sv:95]
INFO: [Synth 8-802] inferred FSM for state register 'st_reg' in module 'ARP'
INFO: [Synth 8-5544] ROM "go_cyc" won't be mapped to Block RAM because address size (4) smaller than threshold (5)
INFO: [Synth 8-5544] ROM "rarp_o" won't be mapped to Block RAM because address size (4) smaller than threshold (5)
INFO: [Synth 8-5544] ROM "rdy_cyc" won't be mapped to Block RAM because address size (4) smaller than threshold (5)
INFO: [Synth 8-5544] ROM "TXBUF" won't be mapped to Block RAM because address size (4) smaller than threshold (5)
INFO: [Synth 8-5544] ROM "TXBUF" won't be mapped to Block RAM because address size (4) smaller than threshold (5)
INFO: [Synth 8-5544] ROM "TXBUF" won't be mapped to Block RAM because address size (4) smaller than threshold (5)
INFO: [Synth 8-5544] ROM "TXBUF" won't be mapped to Block RAM because address size (4) smaller than threshold (5)
INFO: [Synth 8-5544] ROM "TXBUF" won't be mapped to Block RAM because address size (4) smaller than threshold (5)
INFO: [Synth 8-5544] ROM "TXBUF" won't be mapped to Block RAM because address size (4) smaller than threshold (5)
INFO: [Synth 8-5544] ROM "TXBUF" won't be mapped to Block RAM because address size (4) smaller than threshold (5)
INFO: [Synth 8-5544] ROM "rdy_cyc" won't be mapped to Block RAM because address size (4) smaller than threshold (5)
INFO: [Synth 8-5544] ROM "nx" won't be mapped to Block RAM because address size (4) smaller than threshold (5)
INFO: [Synth 8-802] inferred FSM for state register 'st_reg' in module 'ping'
INFO: [Synth 8-5545] ROM "TXBUF_reg[37]" won't be mapped to RAM because address size (32) is larger than maximum supported(25)
INFO: [Synth 8-5545] ROM "TXBUF_reg[36]" won't be mapped to RAM because address size (32) is larger than maximum supported(25)
INFO: [Synth 8-5545] ROM "TXBUF_reg[35]" won't be mapped to RAM because address size (32) is larger than maximum supported(25)
INFO: [Synth 8-5545] ROM "TXBUF_reg[25]" won't be mapped to RAM because address size (32) is larger than maximum supported(25)
INFO: [Synth 8-5545] ROM "TXBUF_reg[24]" won't be mapped to RAM because address size (32) is larger than maximum supported(25)
INFO: [Synth 8-5544] ROM "tx_dstMAC" won't be mapped to Block RAM because address size (4) smaller than threshold (5)
INFO: [Synth 8-5544] ROM "chksum_data" won't be mapped to Block RAM because address size (4) smaller than threshold (5)
INFO: [Synth 8-5544] ROM "csum_extend" won't be mapped to Block RAM because address size (3) smaller than threshold (5)
INFO: [Synth 8-5544] ROM "csum_extend" won't be mapped to Block RAM because address size (3) smaller than threshold (5)
INFO: [Synth 8-5544] ROM "end_cnt" won't be mapped to Block RAM because address size (4) smaller than threshold (5)
INFO: [Synth 8-5544] ROM "tx_cnt" won't be mapped to Block RAM because address size (4) smaller than threshold (5)
INFO: [Synth 8-5544] ROM "nx" won't be mapped to Block RAM because address size (1) smaller than threshold (5)
INFO: [Synth 8-5544] ROM "nx" won't be mapped to Block RAM because address size (1) smaller than threshold (5)
INFO: [Synth 8-4471] merging register 'VBUF_reg[11][7:0]' into 'VBUF_reg[17][7:0]' [/home/moikawa/proj_Mitsuhashi/NexysVideo_UdpTest/UDP.srcs/sources_1/recv_image.sv:402]
INFO: [Synth 8-4471] merging register 'VBUF_reg[10][7:0]' into 'VBUF_reg[16][7:0]' [/home/moikawa/proj_Mitsuhashi/NexysVideo_UdpTest/UDP.srcs/sources_1/recv_image.sv:402]
INFO: [Synth 8-5546] ROM "RXBUF_reg[1045]" won't be mapped to RAM because it is too sparse
INFO: [Synth 8-5546] ROM "RXBUF" won't be mapped to RAM because it is too sparse
INFO: [Synth 8-5546] ROM "RXBUF_reg[1044]" won't be mapped to RAM because it is too sparse
INFO: [Synth 8-5546] ROM "RXBUF_reg[1043]" won't be mapped to RAM because it is too sparse
INFO: [Synth 8-5546] ROM "RXBUF_reg[1042]" won't be mapped to RAM because it is too sparse
INFO: [Synth 8-5546] ROM "RXBUF_reg[1041]" won't be mapped to RAM because it is too sparse
INFO: [Synth 8-5546] ROM "RXBUF_reg[1040]" won't be mapped to RAM because it is too sparse
INFO: [Synth 8-5546] ROM "RXBUF_reg[1039]" won't be mapped to RAM because it is too sparse
INFO: [Synth 8-5546] ROM "RXBUF_reg[1038]" won't be mapped to RAM because it is too sparse
INFO: [Synth 8-5546] ROM "RXBUF_reg[1037]" won't be mapped to RAM because it is too sparse
INFO: [Synth 8-5546] ROM "RXBUF_reg[1036]" won't be mapped to RAM because it is too sparse
INFO: [Synth 8-5546] ROM "RXBUF_reg[1035]" won't be mapped to RAM because it is too sparse
INFO: [Synth 8-5546] ROM "RXBUF_reg[1034]" won't be mapped to RAM because it is too sparse
INFO: [Synth 8-5546] ROM "RXBUF_reg[1033]" won't be mapped to RAM because it is too sparse
INFO: [Synth 8-5546] ROM "RXBUF_reg[1032]" won't be mapped to RAM because it is too sparse
INFO: [Synth 8-5546] ROM "RXBUF_reg[1031]" won't be mapped to RAM because it is too sparse
INFO: [Synth 8-5546] ROM "RXBUF_reg[1030]" won't be mapped to RAM because it is too sparse
INFO: [Synth 8-5546] ROM "RXBUF_reg[1029]" won't be mapped to RAM because it is too sparse
INFO: [Synth 8-5546] ROM "RXBUF_reg[1028]" won't be mapped to RAM because it is too sparse
INFO: [Synth 8-5546] ROM "RXBUF_reg[1027]" won't be mapped to RAM because it is too sparse
INFO: [Synth 8-5546] ROM "RXBUF_reg[1026]" won't be mapped to RAM because it is too sparse
INFO: [Synth 8-5546] ROM "RXBUF_reg[1025]" won't be mapped to RAM because it is too sparse
INFO: [Synth 8-5546] ROM "RXBUF_reg[1024]" won't be mapped to RAM because it is too sparse
INFO: [Synth 8-5546] ROM "RXBUF_reg[1023]" won't be mapped to RAM because it is too sparse
INFO: [Synth 8-5546] ROM "RXBUF_reg[1022]" won't be mapped to RAM because it is too sparse
INFO: [Synth 8-5546] ROM "RXBUF_reg[1021]" won't be mapped to RAM because it is too sparse
INFO: [Synth 8-5546] ROM "RXBUF_reg[1020]" won't be mapped to RAM because it is too sparse
INFO: [Synth 8-5546] ROM "RXBUF_reg[1019]" won't be mapped to RAM because it is too sparse
INFO: [Synth 8-5546] ROM "RXBUF_reg[1018]" won't be mapped to RAM because it is too sparse
INFO: [Synth 8-5546] ROM "RXBUF_reg[1017]" won't be mapped to RAM because it is too sparse
INFO: [Synth 8-5546] ROM "RXBUF_reg[1016]" won't be mapped to RAM because it is too sparse
INFO: [Synth 8-5546] ROM "RXBUF_reg[1015]" won't be mapped to RAM because it is too sparse
INFO: [Synth 8-5546] ROM "RXBUF_reg[1014]" won't be mapped to RAM because it is too sparse
INFO: [Synth 8-5546] ROM "RXBUF_reg[1013]" won't be mapped to RAM because it is too sparse
INFO: [Synth 8-5546] ROM "RXBUF_reg[1012]" won't be mapped to RAM because it is too sparse
INFO: [Synth 8-5546] ROM "RXBUF_reg[1011]" won't be mapped to RAM because it is too sparse
INFO: [Synth 8-5546] ROM "RXBUF_reg[1010]" won't be mapped to RAM because it is too sparse
INFO: [Synth 8-5546] ROM "RXBUF_reg[1009]" won't be mapped to RAM because it is too sparse
INFO: [Synth 8-5546] ROM "RXBUF_reg[1008]" won't be mapped to RAM because it is too sparse
INFO: [Synth 8-5546] ROM "RXBUF_reg[1007]" won't be mapped to RAM because it is too sparse
INFO: [Synth 8-5546] ROM "RXBUF_reg[1006]" won't be mapped to RAM because it is too sparse
INFO: [Synth 8-5546] ROM "RXBUF_reg[1005]" won't be mapped to RAM because it is too sparse
INFO: [Synth 8-5546] ROM "RXBUF_reg[1004]" won't be mapped to RAM because it is too sparse
INFO: [Synth 8-5546] ROM "RXBUF_reg[1003]" won't be mapped to RAM because it is too sparse
INFO: [Synth 8-5546] ROM "RXBUF_reg[1002]" won't be mapped to RAM because it is too sparse
INFO: [Synth 8-5546] ROM "RXBUF_reg[1001]" won't be mapped to RAM because it is too sparse
INFO: [Synth 8-5546] ROM "RXBUF_reg[1000]" won't be mapped to RAM because it is too sparse
INFO: [Synth 8-5546] ROM "RXBUF_reg[999]" won't be mapped to RAM because it is too sparse
INFO: [Synth 8-5546] ROM "RXBUF_reg[998]" won't be mapped to RAM because it is too sparse
INFO: [Synth 8-5546] ROM "RXBUF_reg[997]" won't be mapped to RAM because it is too sparse
INFO: [Synth 8-5546] ROM "RXBUF_reg[996]" won't be mapped to RAM because it is too sparse
INFO: [Synth 8-5546] ROM "RXBUF_reg[995]" won't be mapped to RAM because it is too sparse
INFO: [Synth 8-5546] ROM "RXBUF_reg[994]" won't be mapped to RAM because it is too sparse
INFO: [Synth 8-5546] ROM "RXBUF_reg[993]" won't be mapped to RAM because it is too sparse
INFO: [Synth 8-5546] ROM "RXBUF_reg[992]" won't be mapped to RAM because it is too sparse
INFO: [Synth 8-5546] ROM "RXBUF_reg[991]" won't be mapped to RAM because it is too sparse
INFO: [Synth 8-5546] ROM "RXBUF_reg[990]" won't be mapped to RAM because it is too sparse
INFO: [Synth 8-5546] ROM "RXBUF_reg[989]" won't be mapped to RAM because it is too sparse
INFO: [Synth 8-5546] ROM "RXBUF_reg[988]" won't be mapped to RAM because it is too sparse
INFO: [Synth 8-5546] ROM "RXBUF_reg[987]" won't be mapped to RAM because it is too sparse
INFO: [Synth 8-5546] ROM "RXBUF_reg[986]" won't be mapped to RAM because it is too sparse
INFO: [Synth 8-5546] ROM "RXBUF_reg[985]" won't be mapped to RAM because it is too sparse
INFO: [Synth 8-5546] ROM "RXBUF_reg[984]" won't be mapped to RAM because it is too sparse
INFO: [Synth 8-5546] ROM "RXBUF_reg[983]" won't be mapped to RAM because it is too sparse
INFO: [Synth 8-5546] ROM "RXBUF_reg[982]" won't be mapped to RAM because it is too sparse
INFO: [Synth 8-5546] ROM "RXBUF_reg[981]" won't be mapped to RAM because it is too sparse
INFO: [Synth 8-5546] ROM "RXBUF_reg[980]" won't be mapped to RAM because it is too sparse
INFO: [Synth 8-5546] ROM "RXBUF_reg[979]" won't be mapped to RAM because it is too sparse
INFO: [Synth 8-5546] ROM "RXBUF_reg[978]" won't be mapped to RAM because it is too sparse
INFO: [Synth 8-5546] ROM "RXBUF_reg[977]" won't be mapped to RAM because it is too sparse
INFO: [Synth 8-5546] ROM "RXBUF_reg[976]" won't be mapped to RAM because it is too sparse
INFO: [Synth 8-5546] ROM "RXBUF_reg[975]" won't be mapped to RAM because it is too sparse
INFO: [Synth 8-5546] ROM "RXBUF_reg[974]" won't be mapped to RAM because it is too sparse
INFO: [Synth 8-5546] ROM "RXBUF_reg[973]" won't be mapped to RAM because it is too sparse
INFO: [Synth 8-5546] ROM "RXBUF_reg[972]" won't be mapped to RAM because it is too sparse
INFO: [Synth 8-5546] ROM "RXBUF_reg[971]" won't be mapped to RAM because it is too sparse
INFO: [Synth 8-5546] ROM "RXBUF_reg[970]" won't be mapped to RAM because it is too sparse
INFO: [Synth 8-5546] ROM "RXBUF_reg[969]" won't be mapped to RAM because it is too sparse
INFO: [Synth 8-5546] ROM "RXBUF_reg[968]" won't be mapped to RAM because it is too sparse
INFO: [Synth 8-5546] ROM "RXBUF_reg[967]" won't be mapped to RAM because it is too sparse
INFO: [Synth 8-5546] ROM "RXBUF_reg[966]" won't be mapped to RAM because it is too sparse
INFO: [Synth 8-5546] ROM "RXBUF_reg[965]" won't be mapped to RAM because it is too sparse
INFO: [Synth 8-5546] ROM "RXBUF_reg[964]" won't be mapped to RAM because it is too sparse
INFO: [Synth 8-5546] ROM "RXBUF_reg[963]" won't be mapped to RAM because it is too sparse
INFO: [Synth 8-5546] ROM "RXBUF_reg[962]" won't be mapped to RAM because it is too sparse
INFO: [Synth 8-5546] ROM "RXBUF_reg[961]" won't be mapped to RAM because it is too sparse
INFO: [Synth 8-5546] ROM "RXBUF_reg[960]" won't be mapped to RAM because it is too sparse
INFO: [Synth 8-5546] ROM "RXBUF_reg[959]" won't be mapped to RAM because it is too sparse
INFO: [Synth 8-5546] ROM "RXBUF_reg[958]" won't be mapped to RAM because it is too sparse
INFO: [Synth 8-5546] ROM "RXBUF_reg[957]" won't be mapped to RAM because it is too sparse
INFO: [Synth 8-5546] ROM "RXBUF_reg[956]" won't be mapped to RAM because it is too sparse
INFO: [Synth 8-5546] ROM "RXBUF_reg[955]" won't be mapped to RAM because it is too sparse
INFO: [Synth 8-5546] ROM "RXBUF_reg[954]" won't be mapped to RAM because it is too sparse
INFO: [Synth 8-5546] ROM "RXBUF_reg[953]" won't be mapped to RAM because it is too sparse
INFO: [Synth 8-5546] ROM "RXBUF_reg[952]" won't be mapped to RAM because it is too sparse
INFO: [Synth 8-5546] ROM "RXBUF_reg[951]" won't be mapped to RAM because it is too sparse
INFO: [Synth 8-5546] ROM "RXBUF_reg[950]" won't be mapped to RAM because it is too sparse
INFO: [Synth 8-5546] ROM "RXBUF_reg[949]" won't be mapped to RAM because it is too sparse
INFO: [Synth 8-5546] ROM "RXBUF_reg[948]" won't be mapped to RAM because it is too sparse
INFO: [Synth 8-5546] ROM "RXBUF_reg[947]" won't be mapped to RAM because it is too sparse
INFO: [Common 17-14] Message 'Synth 8-5546' appears 100 times and further instances of the messages will be disabled. Use the Tcl command set_msg_config to change the current settings.
