
*** Running vivado
    with args -log image_queue.vds -m64 -product Vivado -mode batch -messageDb vivado.pb -notrace -source image_queue.tcl


****** Vivado v2018.1 (64-bit)
  **** SW Build 2188600 on Wed Apr  4 18:39:19 MDT 2018
  **** IP Build 2185939 on Wed Apr  4 20:55:05 MDT 2018
    ** Copyright 1986-2018 Xilinx, Inc. All Rights Reserved.

source image_queue.tcl -notrace
Command: synth_design -top image_queue -part xc7a200tsbg484-1 -mode out_of_context
Starting synth_design
Attempting to get a license for feature 'Synthesis' and/or device 'xc7a200t'
INFO: [Common 17-349] Got license for feature 'Synthesis' and/or device 'xc7a200t'
INFO: Launching helper process for spawning children vivado processes
INFO: Helper process launched with PID 9374 
---------------------------------------------------------------------------------
Starting RTL Elaboration : Time (s): cpu = 00:00:10 ; elapsed = 00:00:25 . Memory (MB): peak = 1433.137 ; gain = 89.000 ; free physical = 24295 ; free virtual = 42463
---------------------------------------------------------------------------------
INFO: [Synth 8-638] synthesizing module 'image_queue' [/home/tmitsuhashi/bin/vivado_h30/UDP/UDP.srcs/sources_1/ip/image_queue/synth/image_queue.vhd:76]
	Parameter C_COMMON_CLOCK bound to: 1 - type: integer 
	Parameter C_SELECT_XPM bound to: 0 - type: integer 
	Parameter C_COUNT_TYPE bound to: 0 - type: integer 
	Parameter C_DATA_COUNT_WIDTH bound to: 14 - type: integer 
	Parameter C_DEFAULT_VALUE bound to: BlankString - type: string 
	Parameter C_DIN_WIDTH bound to: 8 - type: integer 
	Parameter C_DOUT_RST_VAL bound to: 0 - type: string 
	Parameter C_DOUT_WIDTH bound to: 8 - type: integer 
	Parameter C_ENABLE_RLOCS bound to: 0 - type: integer 
	Parameter C_FAMILY bound to: artix7 - type: string 
	Parameter C_FULL_FLAGS_RST_VAL bound to: 0 - type: integer 
	Parameter C_HAS_ALMOST_EMPTY bound to: 0 - type: integer 
	Parameter C_HAS_ALMOST_FULL bound to: 0 - type: integer 
	Parameter C_HAS_BACKUP bound to: 0 - type: integer 
	Parameter C_HAS_DATA_COUNT bound to: 1 - type: integer 
	Parameter C_HAS_INT_CLK bound to: 0 - type: integer 
	Parameter C_HAS_MEMINIT_FILE bound to: 0 - type: integer 
	Parameter C_HAS_OVERFLOW bound to: 1 - type: integer 
	Parameter C_HAS_RD_DATA_COUNT bound to: 0 - type: integer 
	Parameter C_HAS_RD_RST bound to: 0 - type: integer 
	Parameter C_HAS_RST bound to: 0 - type: integer 
	Parameter C_HAS_SRST bound to: 1 - type: integer 
	Parameter C_HAS_UNDERFLOW bound to: 1 - type: integer 
	Parameter C_HAS_VALID bound to: 1 - type: integer 
	Parameter C_HAS_WR_ACK bound to: 0 - type: integer 
	Parameter C_HAS_WR_DATA_COUNT bound to: 0 - type: integer 
	Parameter C_HAS_WR_RST bound to: 0 - type: integer 
	Parameter C_IMPLEMENTATION_TYPE bound to: 0 - type: integer 
	Parameter C_INIT_WR_PNTR_VAL bound to: 0 - type: integer 
	Parameter C_MEMORY_TYPE bound to: 1 - type: integer 
	Parameter C_MIF_FILE_NAME bound to: BlankString - type: string 
	Parameter C_OPTIMIZATION_MODE bound to: 0 - type: integer 
	Parameter C_OVERFLOW_LOW bound to: 0 - type: integer 
	Parameter C_PRELOAD_LATENCY bound to: 1 - type: integer 
	Parameter C_PRELOAD_REGS bound to: 0 - type: integer 
	Parameter C_PRIM_FIFO_TYPE bound to: 8kx4 - type: string 
	Parameter C_PROG_EMPTY_THRESH_ASSERT_VAL bound to: 2 - type: integer 
	Parameter C_PROG_EMPTY_THRESH_NEGATE_VAL bound to: 3 - type: integer 
	Parameter C_PROG_EMPTY_TYPE bound to: 0 - type: integer 
	Parameter C_PROG_FULL_THRESH_ASSERT_VAL bound to: 16382 - type: integer 
	Parameter C_PROG_FULL_THRESH_NEGATE_VAL bound to: 16381 - type: integer 
	Parameter C_PROG_FULL_TYPE bound to: 0 - type: integer 
	Parameter C_RD_DATA_COUNT_WIDTH bound to: 14 - type: integer 
	Parameter C_RD_DEPTH bound to: 16384 - type: integer 
	Parameter C_RD_FREQ bound to: 1 - type: integer 
	Parameter C_RD_PNTR_WIDTH bound to: 14 - type: integer 
	Parameter C_UNDERFLOW_LOW bound to: 0 - type: integer 
	Parameter C_USE_DOUT_RST bound to: 1 - type: integer 
	Parameter C_USE_ECC bound to: 0 - type: integer 
	Parameter C_USE_EMBEDDED_REG bound to: 0 - type: integer 
	Parameter C_USE_PIPELINE_REG bound to: 0 - type: integer 
	Parameter C_POWER_SAVING_MODE bound to: 0 - type: integer 
	Parameter C_USE_FIFO16_FLAGS bound to: 0 - type: integer 
	Parameter C_USE_FWFT_DATA_COUNT bound to: 0 - type: integer 
	Parameter C_VALID_LOW bound to: 0 - type: integer 
	Parameter C_WR_ACK_LOW bound to: 0 - type: integer 
	Parameter C_WR_DATA_COUNT_WIDTH bound to: 14 - type: integer 
	Parameter C_WR_DEPTH bound to: 16384 - type: integer 
	Parameter C_WR_FREQ bound to: 1 - type: integer 
	Parameter C_WR_PNTR_WIDTH bound to: 14 - type: integer 
	Parameter C_WR_RESPONSE_LATENCY bound to: 1 - type: integer 
	Parameter C_MSGON_VAL bound to: 1 - type: integer 
	Parameter C_ENABLE_RST_SYNC bound to: 1 - type: integer 
	Parameter C_EN_SAFETY_CKT bound to: 0 - type: integer 
	Parameter C_ERROR_INJECTION_TYPE bound to: 0 - type: integer 
	Parameter C_SYNCHRONIZER_STAGE bound to: 2 - type: integer 
	Parameter C_INTERFACE_TYPE bound to: 0 - type: integer 
	Parameter C_AXI_TYPE bound to: 1 - type: integer 
	Parameter C_HAS_AXI_WR_CHANNEL bound to: 1 - type: integer 
	Parameter C_HAS_AXI_RD_CHANNEL bound to: 1 - type: integer 
	Parameter C_HAS_SLAVE_CE bound to: 0 - type: integer 
	Parameter C_HAS_MASTER_CE bound to: 0 - type: integer 
	Parameter C_ADD_NGC_CONSTRAINT bound to: 0 - type: integer 
	Parameter C_USE_COMMON_OVERFLOW bound to: 0 - type: integer 
	Parameter C_USE_COMMON_UNDERFLOW bound to: 0 - type: integer 
	Parameter C_USE_DEFAULT_SETTINGS bound to: 0 - type: integer 
	Parameter C_AXI_ID_WIDTH bound to: 1 - type: integer 
	Parameter C_AXI_ADDR_WIDTH bound to: 32 - type: integer 
	Parameter C_AXI_DATA_WIDTH bound to: 64 - type: integer 
	Parameter C_AXI_LEN_WIDTH bound to: 8 - type: integer 
	Parameter C_AXI_LOCK_WIDTH bound to: 1 - type: integer 
	Parameter C_HAS_AXI_ID bound to: 0 - type: integer 
	Parameter C_HAS_AXI_AWUSER bound to: 0 - type: integer 
	Parameter C_HAS_AXI_WUSER bound to: 0 - type: integer 
	Parameter C_HAS_AXI_BUSER bound to: 0 - type: integer 
	Parameter C_HAS_AXI_ARUSER bound to: 0 - type: integer 
	Parameter C_HAS_AXI_RUSER bound to: 0 - type: integer 
	Parameter C_AXI_ARUSER_WIDTH bound to: 1 - type: integer 
	Parameter C_AXI_AWUSER_WIDTH bound to: 1 - type: integer 
	Parameter C_AXI_WUSER_WIDTH bound to: 1 - type: integer 
	Parameter C_AXI_BUSER_WIDTH bound to: 1 - type: integer 
	Parameter C_AXI_RUSER_WIDTH bound to: 1 - type: integer 
	Parameter C_HAS_AXIS_TDATA bound to: 1 - type: integer 
	Parameter C_HAS_AXIS_TID bound to: 0 - type: integer 
	Parameter C_HAS_AXIS_TDEST bound to: 0 - type: integer 
	Parameter C_HAS_AXIS_TUSER bound to: 1 - type: integer 
	Parameter C_HAS_AXIS_TREADY bound to: 1 - type: integer 
	Parameter C_HAS_AXIS_TLAST bound to: 0 - type: integer 
	Parameter C_HAS_AXIS_TSTRB bound to: 0 - type: integer 
	Parameter C_HAS_AXIS_TKEEP bound to: 0 - type: integer 
	Parameter C_AXIS_TDATA_WIDTH bound to: 8 - type: integer 
	Parameter C_AXIS_TID_WIDTH bound to: 1 - type: integer 
	Parameter C_AXIS_TDEST_WIDTH bound to: 1 - type: integer 
	Parameter C_AXIS_TUSER_WIDTH bound to: 4 - type: integer 
	Parameter C_AXIS_TSTRB_WIDTH bound to: 1 - type: integer 
	Parameter C_AXIS_TKEEP_WIDTH bound to: 1 - type: integer 
	Parameter C_WACH_TYPE bound to: 0 - type: integer 
	Parameter C_WDCH_TYPE bound to: 0 - type: integer 
	Parameter C_WRCH_TYPE bound to: 0 - type: integer 
	Parameter C_RACH_TYPE bound to: 0 - type: integer 
	Parameter C_RDCH_TYPE bound to: 0 - type: integer 
	Parameter C_AXIS_TYPE bound to: 0 - type: integer 
	Parameter C_IMPLEMENTATION_TYPE_WACH bound to: 1 - type: integer 
	Parameter C_IMPLEMENTATION_TYPE_WDCH bound to: 1 - type: integer 
	Parameter C_IMPLEMENTATION_TYPE_WRCH bound to: 1 - type: integer 
	Parameter C_IMPLEMENTATION_TYPE_RACH bound to: 1 - type: integer 
	Parameter C_IMPLEMENTATION_TYPE_RDCH bound to: 1 - type: integer 
	Parameter C_IMPLEMENTATION_TYPE_AXIS bound to: 1 - type: integer 
	Parameter C_APPLICATION_TYPE_WACH bound to: 0 - type: integer 
	Parameter C_APPLICATION_TYPE_WDCH bound to: 0 - type: integer 
	Parameter C_APPLICATION_TYPE_WRCH bound to: 0 - type: integer 
	Parameter C_APPLICATION_TYPE_RACH bound to: 0 - type: integer 
	Parameter C_APPLICATION_TYPE_RDCH bound to: 0 - type: integer 
	Parameter C_APPLICATION_TYPE_AXIS bound to: 0 - type: integer 
	Parameter C_PRIM_FIFO_TYPE_WACH bound to: 512x36 - type: string 
	Parameter C_PRIM_FIFO_TYPE_WDCH bound to: 1kx36 - type: string 
	Parameter C_PRIM_FIFO_TYPE_WRCH bound to: 512x36 - type: string 
	Parameter C_PRIM_FIFO_TYPE_RACH bound to: 512x36 - type: string 
	Parameter C_PRIM_FIFO_TYPE_RDCH bound to: 1kx36 - type: string 
	Parameter C_PRIM_FIFO_TYPE_AXIS bound to: 1kx18 - type: string 
	Parameter C_USE_ECC_WACH bound to: 0 - type: integer 
	Parameter C_USE_ECC_WDCH bound to: 0 - type: integer 
	Parameter C_USE_ECC_WRCH bound to: 0 - type: integer 
	Parameter C_USE_ECC_RACH bound to: 0 - type: integer 
	Parameter C_USE_ECC_RDCH bound to: 0 - type: integer 
	Parameter C_USE_ECC_AXIS bound to: 0 - type: integer 
	Parameter C_ERROR_INJECTION_TYPE_WACH bound to: 0 - type: integer 
	Parameter C_ERROR_INJECTION_TYPE_WDCH bound to: 0 - type: integer 
	Parameter C_ERROR_INJECTION_TYPE_WRCH bound to: 0 - type: integer 
	Parameter C_ERROR_INJECTION_TYPE_RACH bound to: 0 - type: integer 
	Parameter C_ERROR_INJECTION_TYPE_RDCH bound to: 0 - type: integer 
	Parameter C_ERROR_INJECTION_TYPE_AXIS bound to: 0 - type: integer 
	Parameter C_DIN_WIDTH_WACH bound to: 1 - type: integer 
	Parameter C_DIN_WIDTH_WDCH bound to: 64 - type: integer 
	Parameter C_DIN_WIDTH_WRCH bound to: 2 - type: integer 
	Parameter C_DIN_WIDTH_RACH bound to: 32 - type: integer 
	Parameter C_DIN_WIDTH_RDCH bound to: 64 - type: integer 
	Parameter C_DIN_WIDTH_AXIS bound to: 1 - type: integer 
	Parameter C_WR_DEPTH_WACH bound to: 16 - type: integer 
	Parameter C_WR_DEPTH_WDCH bound to: 1024 - type: integer 
	Parameter C_WR_DEPTH_WRCH bound to: 16 - type: integer 
	Parameter C_WR_DEPTH_RACH bound to: 16 - type: integer 
	Parameter C_WR_DEPTH_RDCH bound to: 1024 - type: integer 
	Parameter C_WR_DEPTH_AXIS bound to: 1024 - type: integer 
	Parameter C_WR_PNTR_WIDTH_WACH bound to: 4 - type: integer 
	Parameter C_WR_PNTR_WIDTH_WDCH bound to: 10 - type: integer 
	Parameter C_WR_PNTR_WIDTH_WRCH bound to: 4 - type: integer 
	Parameter C_WR_PNTR_WIDTH_RACH bound to: 4 - type: integer 
	Parameter C_WR_PNTR_WIDTH_RDCH bound to: 10 - type: integer 
	Parameter C_WR_PNTR_WIDTH_AXIS bound to: 10 - type: integer 
	Parameter C_HAS_DATA_COUNTS_WACH bound to: 0 - type: integer 
	Parameter C_HAS_DATA_COUNTS_WDCH bound to: 0 - type: integer 
	Parameter C_HAS_DATA_COUNTS_WRCH bound to: 0 - type: integer 
	Parameter C_HAS_DATA_COUNTS_RACH bound to: 0 - type: integer 
	Parameter C_HAS_DATA_COUNTS_RDCH bound to: 0 - type: integer 
	Parameter C_HAS_DATA_COUNTS_AXIS bound to: 0 - type: integer 
	Parameter C_HAS_PROG_FLAGS_WACH bound to: 0 - type: integer 
	Parameter C_HAS_PROG_FLAGS_WDCH bound to: 0 - type: integer 
	Parameter C_HAS_PROG_FLAGS_WRCH bound to: 0 - type: integer 
	Parameter C_HAS_PROG_FLAGS_RACH bound to: 0 - type: integer 
	Parameter C_HAS_PROG_FLAGS_RDCH bound to: 0 - type: integer 
	Parameter C_HAS_PROG_FLAGS_AXIS bound to: 0 - type: integer 
	Parameter C_PROG_FULL_TYPE_WACH bound to: 0 - type: integer 
	Parameter C_PROG_FULL_TYPE_WDCH bound to: 0 - type: integer 
	Parameter C_PROG_FULL_TYPE_WRCH bound to: 0 - type: integer 
	Parameter C_PROG_FULL_TYPE_RACH bound to: 0 - type: integer 
	Parameter C_PROG_FULL_TYPE_RDCH bound to: 0 - type: integer 
	Parameter C_PROG_FULL_TYPE_AXIS bound to: 0 - type: integer 
	Parameter C_PROG_FULL_THRESH_ASSERT_VAL_WACH bound to: 1023 - type: integer 
	Parameter C_PROG_FULL_THRESH_ASSERT_VAL_WDCH bound to: 1023 - type: integer 
	Parameter C_PROG_FULL_THRESH_ASSERT_VAL_WRCH bound to: 1023 - type: integer 
	Parameter C_PROG_FULL_THRESH_ASSERT_VAL_RACH bound to: 1023 - type: integer 
	Parameter C_PROG_FULL_THRESH_ASSERT_VAL_RDCH bound to: 1023 - type: integer 
	Parameter C_PROG_FULL_THRESH_ASSERT_VAL_AXIS bound to: 1023 - type: integer 
	Parameter C_PROG_EMPTY_TYPE_WACH bound to: 0 - type: integer 
	Parameter C_PROG_EMPTY_TYPE_WDCH bound to: 0 - type: integer 
	Parameter C_PROG_EMPTY_TYPE_WRCH bound to: 0 - type: integer 
	Parameter C_PROG_EMPTY_TYPE_RACH bound to: 0 - type: integer 
	Parameter C_PROG_EMPTY_TYPE_RDCH bound to: 0 - type: integer 
	Parameter C_PROG_EMPTY_TYPE_AXIS bound to: 0 - type: integer 
	Parameter C_PROG_EMPTY_THRESH_ASSERT_VAL_WACH bound to: 1022 - type: integer 
	Parameter C_PROG_EMPTY_THRESH_ASSERT_VAL_WDCH bound to: 1022 - type: integer 
	Parameter C_PROG_EMPTY_THRESH_ASSERT_VAL_WRCH bound to: 1022 - type: integer 
	Parameter C_PROG_EMPTY_THRESH_ASSERT_VAL_RACH bound to: 1022 - type: integer 
	Parameter C_PROG_EMPTY_THRESH_ASSERT_VAL_RDCH bound to: 1022 - type: integer 
	Parameter C_PROG_EMPTY_THRESH_ASSERT_VAL_AXIS bound to: 1022 - type: integer 
	Parameter C_REG_SLICE_MODE_WACH bound to: 0 - type: integer 
	Parameter C_REG_SLICE_MODE_WDCH bound to: 0 - type: integer 
	Parameter C_REG_SLICE_MODE_WRCH bound to: 0 - type: integer 
	Parameter C_REG_SLICE_MODE_RACH bound to: 0 - type: integer 
	Parameter C_REG_SLICE_MODE_RDCH bound to: 0 - type: integer 
	Parameter C_REG_SLICE_MODE_AXIS bound to: 0 - type: integer 
INFO: [Synth 8-3491] module 'fifo_generator_v13_2_2' declared at '/home/tmitsuhashi/bin/vivado_h30/UDP/UDP.srcs/sources_1/ip/image_queue/hdl/fifo_generator_v13_2_vhsyn_rfs.vhd:38483' bound to instance 'U0' of component 'fifo_generator_v13_2_2' [/home/tmitsuhashi/bin/vivado_h30/UDP/UDP.srcs/sources_1/ip/image_queue/synth/image_queue.vhd:544]
INFO: [Synth 8-256] done synthesizing module 'image_queue' (30#1) [/home/tmitsuhashi/bin/vivado_h30/UDP/UDP.srcs/sources_1/ip/image_queue/synth/image_queue.vhd:76]
WARNING: [Synth 8-3331] design wr_handshaking_flags has unconnected port WR_ACK
WARNING: [Synth 8-3331] design wr_handshaking_flags has unconnected port WR_RST
WARNING: [Synth 8-3331] design wr_handshaking_flags has unconnected port SRST
WARNING: [Synth 8-3331] design wr_status_flags_ss has unconnected port RST_FULL_FF
WARNING: [Synth 8-3331] design wr_status_flags_ss has unconnected port WR_RST
WARNING: [Synth 8-3331] design wr_status_flags_ss has unconnected port SRST
WARNING: [Synth 8-3331] design wr_status_flags_ss has unconnected port SAFETY_CKT_WR_RST
WARNING: [Synth 8-3331] design wr_status_flags_ss has unconnected port WR_PNTR_PLUS2[13]
WARNING: [Synth 8-3331] design wr_status_flags_ss has unconnected port WR_PNTR_PLUS2[12]
WARNING: [Synth 8-3331] design wr_status_flags_ss has unconnected port WR_PNTR_PLUS2[11]
WARNING: [Synth 8-3331] design wr_status_flags_ss has unconnected port WR_PNTR_PLUS2[10]
WARNING: [Synth 8-3331] design wr_status_flags_ss has unconnected port WR_PNTR_PLUS2[9]
WARNING: [Synth 8-3331] design wr_status_flags_ss has unconnected port WR_PNTR_PLUS2[8]
WARNING: [Synth 8-3331] design wr_status_flags_ss has unconnected port WR_PNTR_PLUS2[7]
WARNING: [Synth 8-3331] design wr_status_flags_ss has unconnected port WR_PNTR_PLUS2[6]
WARNING: [Synth 8-3331] design wr_status_flags_ss has unconnected port WR_PNTR_PLUS2[5]
WARNING: [Synth 8-3331] design wr_status_flags_ss has unconnected port WR_PNTR_PLUS2[4]
WARNING: [Synth 8-3331] design wr_status_flags_ss has unconnected port WR_PNTR_PLUS2[3]
WARNING: [Synth 8-3331] design wr_status_flags_ss has unconnected port WR_PNTR_PLUS2[2]
WARNING: [Synth 8-3331] design wr_status_flags_ss has unconnected port WR_PNTR_PLUS2[1]
WARNING: [Synth 8-3331] design wr_status_flags_ss has unconnected port WR_PNTR_PLUS2[0]
WARNING: [Synth 8-3331] design wr_status_flags_ss has unconnected port WR_PNTR_PLUS3[13]
WARNING: [Synth 8-3331] design wr_status_flags_ss has unconnected port WR_PNTR_PLUS3[12]
WARNING: [Synth 8-3331] design wr_status_flags_ss has unconnected port WR_PNTR_PLUS3[11]
WARNING: [Synth 8-3331] design wr_status_flags_ss has unconnected port WR_PNTR_PLUS3[10]
WARNING: [Synth 8-3331] design wr_status_flags_ss has unconnected port WR_PNTR_PLUS3[9]
WARNING: [Synth 8-3331] design wr_status_flags_ss has unconnected port WR_PNTR_PLUS3[8]
WARNING: [Synth 8-3331] design wr_status_flags_ss has unconnected port WR_PNTR_PLUS3[7]
WARNING: [Synth 8-3331] design wr_status_flags_ss has unconnected port WR_PNTR_PLUS3[6]
WARNING: [Synth 8-3331] design wr_status_flags_ss has unconnected port WR_PNTR_PLUS3[5]
WARNING: [Synth 8-3331] design wr_status_flags_ss has unconnected port WR_PNTR_PLUS3[4]
WARNING: [Synth 8-3331] design wr_status_flags_ss has unconnected port WR_PNTR_PLUS3[3]
WARNING: [Synth 8-3331] design wr_status_flags_ss has unconnected port WR_PNTR_PLUS3[2]
WARNING: [Synth 8-3331] design wr_status_flags_ss has unconnected port WR_PNTR_PLUS3[1]
WARNING: [Synth 8-3331] design wr_status_flags_ss has unconnected port WR_PNTR_PLUS3[0]
WARNING: [Synth 8-3331] design wr_bin_cntr has unconnected port RST
WARNING: [Synth 8-3331] design wr_logic has unconnected port WR_EN_INTO_LOGIC
WARNING: [Synth 8-3331] design wr_logic has unconnected port WR_RST_INTO_LOGIC
WARNING: [Synth 8-3331] design wr_logic has unconnected port RD_EN
WARNING: [Synth 8-3331] design wr_logic has unconnected port EMPTY
WARNING: [Synth 8-3331] design wr_logic has unconnected port ALMOST_EMPTY
WARNING: [Synth 8-3331] design wr_logic has unconnected port PROG_FULL_THRESH[13]
WARNING: [Synth 8-3331] design wr_logic has unconnected port PROG_FULL_THRESH[12]
WARNING: [Synth 8-3331] design wr_logic has unconnected port PROG_FULL_THRESH[11]
WARNING: [Synth 8-3331] design wr_logic has unconnected port PROG_FULL_THRESH[10]
WARNING: [Synth 8-3331] design wr_logic has unconnected port PROG_FULL_THRESH[9]
WARNING: [Synth 8-3331] design wr_logic has unconnected port PROG_FULL_THRESH[8]
WARNING: [Synth 8-3331] design wr_logic has unconnected port PROG_FULL_THRESH[7]
WARNING: [Synth 8-3331] design wr_logic has unconnected port PROG_FULL_THRESH[6]
WARNING: [Synth 8-3331] design wr_logic has unconnected port PROG_FULL_THRESH[5]
WARNING: [Synth 8-3331] design wr_logic has unconnected port PROG_FULL_THRESH[4]
WARNING: [Synth 8-3331] design wr_logic has unconnected port PROG_FULL_THRESH[3]
WARNING: [Synth 8-3331] design wr_logic has unconnected port PROG_FULL_THRESH[2]
WARNING: [Synth 8-3331] design wr_logic has unconnected port PROG_FULL_THRESH[1]
WARNING: [Synth 8-3331] design wr_logic has unconnected port PROG_FULL_THRESH[0]
WARNING: [Synth 8-3331] design wr_logic has unconnected port PROG_FULL_THRESH_ASSERT[13]
WARNING: [Synth 8-3331] design wr_logic has unconnected port PROG_FULL_THRESH_ASSERT[12]
WARNING: [Synth 8-3331] design wr_logic has unconnected port PROG_FULL_THRESH_ASSERT[11]
WARNING: [Synth 8-3331] design wr_logic has unconnected port PROG_FULL_THRESH_ASSERT[10]
WARNING: [Synth 8-3331] design wr_logic has unconnected port PROG_FULL_THRESH_ASSERT[9]
WARNING: [Synth 8-3331] design wr_logic has unconnected port PROG_FULL_THRESH_ASSERT[8]
WARNING: [Synth 8-3331] design wr_logic has unconnected port PROG_FULL_THRESH_ASSERT[7]
WARNING: [Synth 8-3331] design wr_logic has unconnected port PROG_FULL_THRESH_ASSERT[6]
WARNING: [Synth 8-3331] design wr_logic has unconnected port PROG_FULL_THRESH_ASSERT[5]
WARNING: [Synth 8-3331] design wr_logic has unconnected port PROG_FULL_THRESH_ASSERT[4]
WARNING: [Synth 8-3331] design wr_logic has unconnected port PROG_FULL_THRESH_ASSERT[3]
WARNING: [Synth 8-3331] design wr_logic has unconnected port PROG_FULL_THRESH_ASSERT[2]
WARNING: [Synth 8-3331] design wr_logic has unconnected port PROG_FULL_THRESH_ASSERT[1]
WARNING: [Synth 8-3331] design wr_logic has unconnected port PROG_FULL_THRESH_ASSERT[0]
WARNING: [Synth 8-3331] design wr_logic has unconnected port PROG_FULL_THRESH_NEGATE[13]
WARNING: [Synth 8-3331] design wr_logic has unconnected port PROG_FULL_THRESH_NEGATE[12]
WARNING: [Synth 8-3331] design wr_logic has unconnected port PROG_FULL_THRESH_NEGATE[11]
WARNING: [Synth 8-3331] design wr_logic has unconnected port PROG_FULL_THRESH_NEGATE[10]
WARNING: [Synth 8-3331] design wr_logic has unconnected port PROG_FULL_THRESH_NEGATE[9]
WARNING: [Synth 8-3331] design wr_logic has unconnected port PROG_FULL_THRESH_NEGATE[8]
WARNING: [Synth 8-3331] design wr_logic has unconnected port PROG_FULL_THRESH_NEGATE[7]
WARNING: [Synth 8-3331] design wr_logic has unconnected port PROG_FULL_THRESH_NEGATE[6]
WARNING: [Synth 8-3331] design wr_logic has unconnected port PROG_FULL_THRESH_NEGATE[5]
WARNING: [Synth 8-3331] design wr_logic has unconnected port PROG_FULL_THRESH_NEGATE[4]
WARNING: [Synth 8-3331] design wr_logic has unconnected port PROG_FULL_THRESH_NEGATE[3]
WARNING: [Synth 8-3331] design wr_logic has unconnected port PROG_FULL_THRESH_NEGATE[2]
WARNING: [Synth 8-3331] design wr_logic has unconnected port PROG_FULL_THRESH_NEGATE[1]
WARNING: [Synth 8-3331] design wr_logic has unconnected port PROG_FULL_THRESH_NEGATE[0]
WARNING: [Synth 8-3331] design updn_cntr has unconnected port RST
WARNING: [Synth 8-3331] design dc_ss has unconnected port WR_PNTR[13]
WARNING: [Synth 8-3331] design dc_ss has unconnected port WR_PNTR[12]
WARNING: [Synth 8-3331] design dc_ss has unconnected port WR_PNTR[11]
WARNING: [Synth 8-3331] design dc_ss has unconnected port WR_PNTR[10]
WARNING: [Synth 8-3331] design dc_ss has unconnected port WR_PNTR[9]
WARNING: [Synth 8-3331] design dc_ss has unconnected port WR_PNTR[8]
WARNING: [Synth 8-3331] design dc_ss has unconnected port WR_PNTR[7]
WARNING: [Synth 8-3331] design dc_ss has unconnected port WR_PNTR[6]
WARNING: [Synth 8-3331] design dc_ss has unconnected port WR_PNTR[5]
WARNING: [Synth 8-3331] design dc_ss has unconnected port WR_PNTR[4]
WARNING: [Synth 8-3331] design dc_ss has unconnected port WR_PNTR[3]
WARNING: [Synth 8-3331] design dc_ss has unconnected port WR_PNTR[2]
WARNING: [Synth 8-3331] design dc_ss has unconnected port WR_PNTR[1]
WARNING: [Synth 8-3331] design dc_ss has unconnected port WR_PNTR[0]
WARNING: [Synth 8-3331] design dc_ss has unconnected port RD_PNTR[13]
WARNING: [Synth 8-3331] design dc_ss has unconnected port RD_PNTR[12]
INFO: [Common 17-14] Message 'Synth 8-3331' appears 100 times and further instances of the messages will be disabled. Use the Tcl command set_msg_config to change the current settings.
---------------------------------------------------------------------------------
Finished RTL Elaboration : Time (s): cpu = 00:01:06 ; elapsed = 00:01:36 . Memory (MB): peak = 1657.289 ; gain = 313.152 ; free physical = 24264 ; free virtual = 42432
---------------------------------------------------------------------------------

Report Check Netlist: 
+------+------------------+-------+---------+-------+------------------+
|      |Item              |Errors |Warnings |Status |Description       |
+------+------------------+-------+---------+-------+------------------+
|1     |multi_driven_nets |      0|        0|Passed |Multi driven nets |
+------+------------------+-------+---------+-------+------------------+
---------------------------------------------------------------------------------
Start Handling Custom Attributes
---------------------------------------------------------------------------------
---------------------------------------------------------------------------------
Finished Handling Custom Attributes : Time (s): cpu = 00:01:06 ; elapsed = 00:01:36 . Memory (MB): peak = 1657.289 ; gain = 313.152 ; free physical = 24269 ; free virtual = 42438
---------------------------------------------------------------------------------
---------------------------------------------------------------------------------
Finished RTL Optimization Phase 1 : Time (s): cpu = 00:01:06 ; elapsed = 00:01:36 . Memory (MB): peak = 1657.289 ; gain = 313.152 ; free physical = 24269 ; free virtual = 42438
---------------------------------------------------------------------------------
INFO: [Netlist 29-17] Analyzing 32 Unisim elements for replacement
INFO: [Netlist 29-28] Unisim Transformation completed in 0 CPU seconds
INFO: [Device 21-403] Loading part xc7a200tsbg484-1
INFO: [Project 1-570] Preparing netlist for logic optimization

Processing XDC Constraints
Initializing timing engine
Parsing XDC File [/home/tmitsuhashi/bin/vivado_h30/UDP/UDP.srcs/sources_1/ip/image_queue/image_queue_ooc.xdc] for cell 'U0'
Finished Parsing XDC File [/home/tmitsuhashi/bin/vivado_h30/UDP/UDP.srcs/sources_1/ip/image_queue/image_queue_ooc.xdc] for cell 'U0'
Parsing XDC File [/home/tmitsuhashi/bin/vivado_h30/UDP/UDP.srcs/sources_1/ip/image_queue/image_queue.xdc] for cell 'U0'
Finished Parsing XDC File [/home/tmitsuhashi/bin/vivado_h30/UDP/UDP.srcs/sources_1/ip/image_queue/image_queue.xdc] for cell 'U0'
Parsing XDC File [/home/tmitsuhashi/bin/vivado_h30/UDP/UDP.runs/image_queue_synth_1/dont_touch.xdc]
Finished Parsing XDC File [/home/tmitsuhashi/bin/vivado_h30/UDP/UDP.runs/image_queue_synth_1/dont_touch.xdc]
Completed Processing XDC Constraints

INFO: [Project 1-111] Unisim Transformation Summary:
No Unisim elements were transformed.

Constraint Validation Runtime : Time (s): cpu = 00:00:00.02 ; elapsed = 00:00:00.02 . Memory (MB): peak = 1831.625 ; gain = 0.004 ; free physical = 23935 ; free virtual = 42104
---------------------------------------------------------------------------------
Finished Constraint Validation : Time (s): cpu = 00:01:20 ; elapsed = 00:02:14 . Memory (MB): peak = 1831.625 ; gain = 487.488 ; free physical = 24069 ; free virtual = 42237
---------------------------------------------------------------------------------
---------------------------------------------------------------------------------
Start Loading Part and Timing Information
---------------------------------------------------------------------------------
Loading part: xc7a200tsbg484-1
---------------------------------------------------------------------------------
Finished Loading Part and Timing Information : Time (s): cpu = 00:01:20 ; elapsed = 00:02:14 . Memory (MB): peak = 1831.625 ; gain = 487.488 ; free physical = 24069 ; free virtual = 42237
---------------------------------------------------------------------------------
---------------------------------------------------------------------------------
Start Applying 'set_property' XDC Constraints
---------------------------------------------------------------------------------
Applied set_property DONT_TOUCH = true for U0. (constraint file  /home/tmitsuhashi/bin/vivado_h30/UDP/UDP.runs/image_queue_synth_1/dont_touch.xdc, line 9).
---------------------------------------------------------------------------------
Finished applying 'set_property' XDC Constraints : Time (s): cpu = 00:01:20 ; elapsed = 00:02:14 . Memory (MB): peak = 1831.625 ; gain = 487.488 ; free physical = 24069 ; free virtual = 42237
---------------------------------------------------------------------------------
---------------------------------------------------------------------------------
Finished RTL Optimization Phase 2 : Time (s): cpu = 00:01:21 ; elapsed = 00:02:14 . Memory (MB): peak = 1831.625 ; gain = 487.488 ; free physical = 24054 ; free virtual = 42223
---------------------------------------------------------------------------------

Report RTL Partitions: 
+-+--------------+------------+----------+
| |RTL Partition |Replication |Instances |
+-+--------------+------------+----------+
+-+--------------+------------+----------+
---------------------------------------------------------------------------------
Start RTL Component Statistics 
---------------------------------------------------------------------------------
Detailed RTL Component Info : 
+---XORs : 
	   2 Input      1 Bit         XORs := 57    
+---Registers : 
	               14 Bit    Registers := 2     
	                2 Bit    Registers := 2     
	                1 Bit    Registers := 7     
+---Muxes : 
	   4 Input      8 Bit        Muxes := 2     
	   2 Input      1 Bit        Muxes := 9     
---------------------------------------------------------------------------------
Finished RTL Component Statistics 
---------------------------------------------------------------------------------
---------------------------------------------------------------------------------
Start RTL Hierarchical Component Statistics 
---------------------------------------------------------------------------------
Hierarchical RTL Component report 
Module bindec 
Detailed RTL Component Info : 
+---Muxes : 
	   2 Input      1 Bit        Muxes := 4     
Module blk_mem_gen_mux 
Detailed RTL Component Info : 
+---Registers : 
	                2 Bit    Registers := 1     
+---Muxes : 
	   4 Input      8 Bit        Muxes := 1     
Module blk_mem_gen_mux__parameterized0 
Detailed RTL Component Info : 
+---Registers : 
	                2 Bit    Registers := 1     
+---Muxes : 
	   4 Input      8 Bit        Muxes := 1     
Module rd_bin_cntr 
Detailed RTL Component Info : 
+---Registers : 
	               14 Bit    Registers := 1     
Module compare 
Detailed RTL Component Info : 
+---XORs : 
	   2 Input      1 Bit         XORs := 14    
Module rd_status_flags_ss 
Detailed RTL Component Info : 
+---Registers : 
	                1 Bit    Registers := 2     
+---Muxes : 
	   2 Input      1 Bit        Muxes := 1     
Module rd_handshaking_flags 
Detailed RTL Component Info : 
+---Registers : 
	                1 Bit    Registers := 2     
Module dc_ss 
Detailed RTL Component Info : 
+---XORs : 
	   2 Input      1 Bit         XORs := 1     
Module wr_bin_cntr 
Detailed RTL Component Info : 
+---Registers : 
	               14 Bit    Registers := 1     
Module wr_status_flags_ss 
Detailed RTL Component Info : 
+---Registers : 
	                1 Bit    Registers := 2     
Module wr_handshaking_flags 
Detailed RTL Component Info : 
+---Registers : 
	                1 Bit    Registers := 1     
---------------------------------------------------------------------------------
Finished RTL Hierarchical Component Statistics
---------------------------------------------------------------------------------
---------------------------------------------------------------------------------
Start Part Resource Summary
---------------------------------------------------------------------------------
Part Resources:
DSPs: 740 (col length:100)
BRAMs: 730 (col length: RAMB18 100 RAMB36 50)
---------------------------------------------------------------------------------
Finished Part Resource Summary
---------------------------------------------------------------------------------
---------------------------------------------------------------------------------
Start Cross Boundary and Area Optimization
---------------------------------------------------------------------------------
Warning: Parallel synthesis criteria is not met 
---------------------------------------------------------------------------------
Finished Cross Boundary and Area Optimization : Time (s): cpu = 00:01:21 ; elapsed = 00:02:15 . Memory (MB): peak = 1831.625 ; gain = 487.488 ; free physical = 24047 ; free virtual = 42222
---------------------------------------------------------------------------------

Report RTL Partitions: 
+-+--------------+------------+----------+
| |RTL Partition |Replication |Instances |
+-+--------------+------------+----------+
+-+--------------+------------+----------+
---------------------------------------------------------------------------------
Start Applying XDC Timing Constraints
---------------------------------------------------------------------------------
---------------------------------------------------------------------------------
Finished Applying XDC Timing Constraints : Time (s): cpu = 00:01:26 ; elapsed = 00:02:25 . Memory (MB): peak = 1831.625 ; gain = 487.488 ; free physical = 23917 ; free virtual = 42092
---------------------------------------------------------------------------------
---------------------------------------------------------------------------------
Start Timing Optimization
---------------------------------------------------------------------------------
---------------------------------------------------------------------------------
Finished Timing Optimization : Time (s): cpu = 00:01:26 ; elapsed = 00:02:25 . Memory (MB): peak = 1832.637 ; gain = 488.500 ; free physical = 23914 ; free virtual = 42089
---------------------------------------------------------------------------------

Report RTL Partitions: 
+-+--------------+------------+----------+
| |RTL Partition |Replication |Instances |
+-+--------------+------------+----------+
+-+--------------+------------+----------+
---------------------------------------------------------------------------------
Start Technology Mapping
---------------------------------------------------------------------------------
---------------------------------------------------------------------------------
Finished Technology Mapping : Time (s): cpu = 00:01:26 ; elapsed = 00:02:25 . Memory (MB): peak = 1832.637 ; gain = 488.500 ; free physical = 23914 ; free virtual = 42089
---------------------------------------------------------------------------------

Report RTL Partitions: 
+-+--------------+------------+----------+
| |RTL Partition |Replication |Instances |
+-+--------------+------------+----------+
+-+--------------+------------+----------+
---------------------------------------------------------------------------------
Start IO Insertion
---------------------------------------------------------------------------------
---------------------------------------------------------------------------------
Start Flattening Before IO Insertion
---------------------------------------------------------------------------------
---------------------------------------------------------------------------------
Finished Flattening Before IO Insertion
---------------------------------------------------------------------------------
---------------------------------------------------------------------------------
Start Final Netlist Cleanup
---------------------------------------------------------------------------------
---------------------------------------------------------------------------------
Finished Final Netlist Cleanup
---------------------------------------------------------------------------------
---------------------------------------------------------------------------------
Finished IO Insertion : Time (s): cpu = 00:01:27 ; elapsed = 00:02:25 . Memory (MB): peak = 1832.641 ; gain = 488.504 ; free physical = 23913 ; free virtual = 42088
---------------------------------------------------------------------------------

Report Check Netlist: 
+------+------------------+-------+---------+-------+------------------+
|      |Item              |Errors |Warnings |Status |Description       |
+------+------------------+-------+---------+-------+------------------+
|1     |multi_driven_nets |      0|        0|Passed |Multi driven nets |
+------+------------------+-------+---------+-------+------------------+
---------------------------------------------------------------------------------
Start Renaming Generated Instances
---------------------------------------------------------------------------------
---------------------------------------------------------------------------------
Finished Renaming Generated Instances : Time (s): cpu = 00:01:27 ; elapsed = 00:02:25 . Memory (MB): peak = 1832.641 ; gain = 488.504 ; free physical = 23913 ; free virtual = 42088
---------------------------------------------------------------------------------

Report RTL Partitions: 
+-+--------------+------------+----------+
| |RTL Partition |Replication |Instances |
+-+--------------+------------+----------+
+-+--------------+------------+----------+
---------------------------------------------------------------------------------
Start Rebuilding User Hierarchy
---------------------------------------------------------------------------------
---------------------------------------------------------------------------------
Finished Rebuilding User Hierarchy : Time (s): cpu = 00:01:27 ; elapsed = 00:02:25 . Memory (MB): peak = 1832.641 ; gain = 488.504 ; free physical = 23913 ; free virtual = 42088
---------------------------------------------------------------------------------
---------------------------------------------------------------------------------
Start Renaming Generated Ports
---------------------------------------------------------------------------------
---------------------------------------------------------------------------------
Finished Renaming Generated Ports : Time (s): cpu = 00:01:27 ; elapsed = 00:02:25 . Memory (MB): peak = 1832.641 ; gain = 488.504 ; free physical = 23913 ; free virtual = 42088
---------------------------------------------------------------------------------
---------------------------------------------------------------------------------
Start Handling Custom Attributes
---------------------------------------------------------------------------------
---------------------------------------------------------------------------------
Finished Handling Custom Attributes : Time (s): cpu = 00:01:27 ; elapsed = 00:02:25 . Memory (MB): peak = 1832.641 ; gain = 488.504 ; free physical = 23913 ; free virtual = 42088
---------------------------------------------------------------------------------
---------------------------------------------------------------------------------
Start Renaming Generated Nets
---------------------------------------------------------------------------------
---------------------------------------------------------------------------------
Finished Renaming Generated Nets : Time (s): cpu = 00:01:27 ; elapsed = 00:02:25 . Memory (MB): peak = 1832.641 ; gain = 488.504 ; free physical = 23913 ; free virtual = 42088
---------------------------------------------------------------------------------
---------------------------------------------------------------------------------
Start Writing Synthesis Report
---------------------------------------------------------------------------------

Report BlackBoxes: 
+-+--------------+----------+
| |BlackBox name |Instances |
+-+--------------+----------+
+-+--------------+----------+

Report Cell Usage: 
+------+---------+------+
|      |Cell     |Count |
+------+---------+------+
|1     |CARRY4   |    12|
|2     |LUT1     |     4|
|3     |LUT2     |     6|
|4     |LUT3     |    14|
|5     |LUT4     |    33|
|6     |LUT5     |     6|
|7     |LUT6     |    10|
|8     |MUXCY    |    28|
|9     |RAMB36E1 |     4|
|10    |FDRE     |    75|
|11    |FDSE     |     4|
+------+---------+------+

Report Instance Areas: 
+------+-------------------------------------------------------+-----------------------------------------+------+
|      |Instance                                               |Module                                   |Cells |
+------+-------------------------------------------------------+-----------------------------------------+------+
|1     |top                                                    |                                         |   196|
|2     |  U0                                                   |fifo_generator_v13_2_2                   |   196|
|3     |    inst_fifo_gen                                      |fifo_generator_v13_2_2_synth             |   196|
|4     |      \gconvfifo.rf                                    |fifo_generator_top                       |   196|
|5     |        \grf.rf                                        |fifo_generator_ramfifo                   |   196|
|6     |          \gntv_or_sync_fifo.gl0.rd                    |rd_logic                                 |   120|
|7     |            \grhf.rhf                                  |rd_handshaking_flags                     |     2|
|8     |            \grss.gdc.dc                               |dc_ss                                    |    14|
|9     |              \gsym_dc.dc                              |updn_cntr                                |    14|
|10    |            \grss.rsts                                 |rd_status_flags_ss                       |    39|
|11    |              c1                                       |compare_1                                |     7|
|12    |              c2                                       |compare_2                                |     8|
|13    |            rpntr                                      |rd_bin_cntr                              |    65|
|14    |          \gntv_or_sync_fifo.gl0.wr                    |wr_logic                                 |    60|
|15    |            \gwhf.whf                                  |wr_handshaking_flags                     |     1|
|16    |            \gwss.wsts                                 |wr_status_flags_ss                       |    22|
|17    |              c0                                       |compare                                  |     7|
|18    |              c1                                       |compare_0                                |     8|
|19    |            wpntr                                      |wr_bin_cntr                              |    37|
|20    |          \gntv_or_sync_fifo.mem                       |memory                                   |    16|
|21    |            \gbm.gbmg.gbmga.ngecc.bmg                  |blk_mem_gen_v8_4_1                       |    16|
|22    |              inst_blk_mem_gen                         |blk_mem_gen_v8_4_1_synth                 |    16|
|23    |                \gnbram.gnativebmg.native_blk_mem_gen  |blk_mem_gen_top                          |    16|
|24    |                  \valid.cstr                          |blk_mem_gen_generic_cstr                 |    16|
|25    |                    \has_mux_b.B                       |blk_mem_gen_mux__parameterized0          |    12|
|26    |                    \ramloop[0].ram.r                  |blk_mem_gen_prim_width                   |     1|
|27    |                      \prim_noinit.ram                 |blk_mem_gen_prim_wrapper                 |     1|
|28    |                    \ramloop[1].ram.r                  |blk_mem_gen_prim_width__parameterized0   |     1|
|29    |                      \prim_noinit.ram                 |blk_mem_gen_prim_wrapper__parameterized0 |     1|
|30    |                    \ramloop[2].ram.r                  |blk_mem_gen_prim_width__parameterized1   |     1|
|31    |                      \prim_noinit.ram                 |blk_mem_gen_prim_wrapper__parameterized1 |     1|
|32    |                    \ramloop[3].ram.r                  |blk_mem_gen_prim_width__parameterized2   |     1|
|33    |                      \prim_noinit.ram                 |blk_mem_gen_prim_wrapper__parameterized2 |     1|
+------+-------------------------------------------------------+-----------------------------------------+------+
---------------------------------------------------------------------------------
Finished Writing Synthesis Report : Time (s): cpu = 00:01:27 ; elapsed = 00:02:25 . Memory (MB): peak = 1832.641 ; gain = 488.504 ; free physical = 23913 ; free virtual = 42088
---------------------------------------------------------------------------------
Synthesis finished with 0 errors, 0 critical warnings and 499 warnings.
Synthesis Optimization Runtime : Time (s): cpu = 00:01:19 ; elapsed = 00:01:56 . Memory (MB): peak = 1832.641 ; gain = 314.168 ; free physical = 23967 ; free virtual = 42142
Synthesis Optimization Complete : Time (s): cpu = 00:01:27 ; elapsed = 00:02:25 . Memory (MB): peak = 1832.645 ; gain = 488.504 ; free physical = 23967 ; free virtual = 42142
INFO: [Project 1-571] Translating synthesized netlist
INFO: [Netlist 29-17] Analyzing 44 Unisim elements for replacement
INFO: [Netlist 29-28] Unisim Transformation completed in 0 CPU seconds
INFO: [Project 1-570] Preparing netlist for logic optimization
INFO: [Opt 31-138] Pushed 0 inverter(s) to 0 load pin(s).
INFO: [Project 1-111] Unisim Transformation Summary:
  A total of 8 instances were transformed.
  (MUXCY,XORCY) => CARRY4: 8 instances

INFO: [Common 17-83] Releasing license: Synthesis
17 Infos, 100 Warnings, 0 Critical Warnings and 0 Errors encountered.
synth_design completed successfully
synth_design: Time (s): cpu = 00:01:28 ; elapsed = 00:02:26 . Memory (MB): peak = 1832.645 ; gain = 507.965 ; free physical = 23962 ; free virtual = 42138
INFO: [Common 17-600] The following parameters have non-default value.
tcl.collectionResultDisplayLimit
INFO: [Common 17-1381] The checkpoint '/home/tmitsuhashi/bin/vivado_h30/UDP/UDP.runs/image_queue_synth_1/image_queue.dcp' has been generated.
