INFO: [VRFC 10-2263] Analyzing SystemVerilog file "/home/moikawa/proj_Mitsuhashi/NexysVideo_UdpTest/UDP.srcs/sources_1/ARP.sv" into library xil_defaultlib
INFO: [VRFC 10-311] analyzing module ARP
INFO: [VRFC 10-2263] Analyzing SystemVerilog file "/home/moikawa/proj_Mitsuhashi/NexysVideo_UdpTest/UDP.srcs/sources_1/Arbiter.sv" into library xil_defaultlib
INFO: [VRFC 10-311] analyzing module Arbiter
INFO: [VRFC 10-2263] Analyzing SystemVerilog file "/home/moikawa/proj_Mitsuhashi/NexysVideo_UdpTest/UDP.srcs/sources_1/CRC_ge.sv" into library xil_defaultlib
INFO: [VRFC 10-311] analyzing module CRC_ge
INFO: [VRFC 10-2263] Analyzing SystemVerilog file "/home/moikawa/proj_Mitsuhashi/NexysVideo_UdpTest/UDP.srcs/sources_1/GMII2RGMII.sv" into library xil_defaultlib
INFO: [VRFC 10-311] analyzing module GMII2RGMII
INFO: [VRFC 10-2263] Analyzing SystemVerilog file "/home/moikawa/proj_Mitsuhashi/NexysVideo_UdpTest/UDP.srcs/sources_1/RGMII2GMII.sv" into library xil_defaultlib
INFO: [VRFC 10-311] analyzing module RGMII2GMII
INFO: [VRFC 10-2263] Analyzing SystemVerilog file "/home/moikawa/proj_Mitsuhashi/NexysVideo_UdpTest/UDP.srcs/sources_1/TOP.sv" into library xil_defaultlib
INFO: [VRFC 10-311] analyzing module TOP
INFO: [VRFC 10-2458] undeclared symbol rst_sys, assumed default net type wire [/home/moikawa/proj_Mitsuhashi/NexysVideo_UdpTest/UDP.srcs/sources_1/TOP.sv:123]
INFO: [VRFC 10-2263] Analyzing SystemVerilog file "/home/moikawa/proj_Mitsuhashi/NexysVideo_UdpTest/UDP.srcs/sources_1/T_Arbiter.sv" into library xil_defaultlib
INFO: [VRFC 10-311] analyzing module T_Arbiter
INFO: [VRFC 10-2263] Analyzing SystemVerilog file "/home/moikawa/proj_Mitsuhashi/NexysVideo_UdpTest/UDP.srcs/sources_1/checksum.sv" into library xil_defaultlib
INFO: [VRFC 10-311] analyzing module checksum
INFO: [VRFC 10-2263] Analyzing SystemVerilog file "/home/moikawa/proj_Mitsuhashi/NexysVideo_UdpTest/UDP.srcs/sources_1/ping.sv" into library xil_defaultlib
INFO: [VRFC 10-311] analyzing module ping
INFO: [VRFC 10-2263] Analyzing SystemVerilog file "/home/moikawa/proj_Mitsuhashi/NexysVideo_UdpTest/UDP.srcs/sources_1/recv_image.sv" into library xil_defaultlib
INFO: [VRFC 10-311] analyzing module recv_image
INFO: [VRFC 10-2263] Analyzing SystemVerilog file "/home/moikawa/proj_Mitsuhashi/NexysVideo_UdpTest/UDP.srcs/sources_1/trans_image.sv" into library xil_defaultlib
INFO: [VRFC 10-311] analyzing module trans_image
INFO: [VRFC 10-2263] Analyzing SystemVerilog file "/home/moikawa/proj_Mitsuhashi/NexysVideo_UdpTest/UDP.srcs/sim_1/tb_TOP.sv" into library xil_defaultlib
INFO: [VRFC 10-311] analyzing module tb_TOP
